#
# A fatal error has been detected by the Java Runtime Environment:
#
#  SIGSEGV (0xb) at pc=0x00007fb4efed3dfe, pid=3180, tid=0x00007fb4ec381700
#
# JRE version: OpenJDK Runtime Environment (8.0_242) (build 1.8.0_242-release-1644-b3-6222593)
# Java VM: OpenJDK 64-Bit Server VM (25.242-b3-6222593 mixed mode linux-amd64 compressed oops)
# Problematic frame:
# V  [libjvm.so+0x600dfe]  IndexSetIterator::advance_and_next()+0x11e
#
# Failed to write core dump. Core dumps have been disabled. To enable core dumping, try "ulimit -c unlimited" before starting Java again
#
# If you would like to submit a bug report, please visit:
#   http://bugreport.java.com/bugreport/crash.jsp
#

---------------  T H R E A D  ---------------

Current thread (0x00007fb4e80bc800):  JavaThread "C2 CompilerThread1" daemon [_thread_in_native, id=3193, stack(0x00007fb4ec282000,0x00007fb4ec382000)]

siginfo: si_signo: 11 (SIGSEGV), si_code: 128 (SI_KERNEL), si_addr: 0x0000000000000000

Registers:
RAX=0x00047fb4f05deea0, RBX=0x00007fb4ec37d830, RCX=0x0000000000000008, RDX=0x0000000000000000
RSP=0x00007fb4ec37d7d0, RBP=0x00007fb4ec37d810, RSI=0x00007fb4a99768e0, RDI=0x0000000000000035
R8 =0x0000000000000001, R9 =0x0000000001000010, R10=0x0000000000000000, R11=0x0000000000000000
R12=0x0000000000000008, R13=0x00007fb4f05deea0, R14=0x0000000002000000, R15=0x0000000000000008
RIP=0x00007fb4efed3dfe, EFLAGS=0x0000000000010206, CSGSFS=0x002b000000000033, ERR=0x0000000000000000
  TRAPNO=0x000000000000000d

Top of Stack: (sp=0x00007fb4ec37d7d0)
0x00007fb4ec37d7d0:   00007fb400000003 00007fb4ec37ff80
0x00007fb4ec37d7e0:   00007fb4a92a7068 00007fb4ec37d830
0x00007fb4ec37d7f0:   0000000000002c99 0000000000000010
0x00007fb4ec37d800:   0000000002000000 00007fb4ec37d950
0x00007fb4ec37d810:   00007fb4ec37d8a0 00007fb4efecbd08
0x00007fb4ec37d820:   00007fb4a99747c0 0000000000000160
0x00007fb4ec37d830:   0000000000000000 00007fb400000008
0x00007fb4ec37d840:   00047fb4f05deea0 00007fb400000000
0x00007fb4ec37d850:   00007fb4b4bec738 00007fb400000035
0x00007fb4ec37d860:   00007fb4a99768e0 00007fb4ac186970
0x00007fb4ec37d870:   00007fb400000000 00007fb4ec37d920
0x00007fb4ec37d880:   00007fb4f05deea0 00007fb4b40c10a0
0x00007fb4ec37d890:   00007fb4ec37d990 00007fb4ec37db90
0x00007fb4ec37d8a0:   00007fb4ec37dae0 00007fb4efcced31
0x00007fb4ec37d8b0:   000000000000000e 0000000000000077
0x00007fb4ec37d8c0:   00007fb4ec37d8f0 00007fb4ec37d950
0x00007fb4ec37d8d0:   00000000000003d8 00007fb4b40c1488
0x00007fb4ec37d8e0:   00007fb4b40c10b0 00007fb4ec37d9f0
0x00007fb4ec37d8f0:   0000000000000006 00007fb4ac309420
0x00007fb4ec37d900:   00007fb4ac309420 00007fb4ac309430
0x00007fb4ec37d910:   00007fb4ac309808 00000000000003d8
0x00007fb4ec37d920:   0000000000000006 00007fb4b40c10a0
0x00007fb4ec37d930:   00007fb4b444d480 00007fb4b444ee10
0x00007fb4ec37d940:   00007fb4b4455468 0000000000e0d440
0x00007fb4ec37d950:   00007fb40000000c 00007fb4ec37ff80
0x00007fb4ec37d960:   00007fb4a97b8940 00007fb4efbb8e00
0x00007fb4ec37d970:   00007fb4a99c3d40 00007fb400003453
0x00007fb4ec37d980:   00007fb4ec37d920 00007fb4b40c10b0
0x00007fb4ec37d990:   000000000000000a 00007fb4ec37ff80
0x00007fb4ec37d9a0:   00007fb4a8bb7470 00007fb4a8c10310
0x00007fb4ec37d9b0:   00007fb4b464d0d0 00007fb4b4651a48
0x00007fb4ec37d9c0:   00007fb4a93e51b0 00007fb4ec37db00 

Instructions: (pc=0x00007fb4efed3dfe)
0x00007fb4efed3dde:   89 f8 0f 86 ff 00 00 00 48 8b 43 20 45 89 e7 4a
0x00007fb4efed3dee:   8b 04 f8 4c 39 e8 0f 84 dc 00 00 00 48 89 43 10
0x00007fb4efed3dfe:   44 8b 30 48 89 c6 45 85 f6 0f 85 73 01 00 00 44
0x00007fb4efed3e0e:   8b 58 04 45 85 db 0f 85 b6 01 00 00 44 8b 50 08 

Register to memory mapping:

RAX=0x00047fb4f05deea0 is an unknown value
RBX=0x00007fb4ec37d830 is pointing into the stack for thread: 0x00007fb4e80bc800
RCX=0x0000000000000008 is an unknown value
RDX=0x0000000000000000 is an unknown value
RSP=0x00007fb4ec37d7d0 is pointing into the stack for thread: 0x00007fb4e80bc800
RBP=0x00007fb4ec37d810 is pointing into the stack for thread: 0x00007fb4e80bc800
RSI=0x00007fb4a99768e0 is an unknown value
RDI=0x0000000000000035 is an unknown value
R8 =0x0000000000000001 is an unknown value
R9 =0x0000000001000010 is an unknown value
R10=0x0000000000000000 is an unknown value
R11=0x0000000000000000 is an unknown value
R12=0x0000000000000008 is an unknown value
R13=0x00007fb4f05deea0: <offset 0xd0bea0> in /app/extra/android-studio/jre/jre/lib/amd64/server/libjvm.so at 0x00007fb4ef8d3000
R14=0x0000000002000000 is an unknown value
R15=0x0000000000000008 is an unknown value


Stack: [0x00007fb4ec282000,0x00007fb4ec382000],  sp=0x00007fb4ec37d7d0,  free space=1005k
Native frames: (J=compiled Java code, j=interpreted, Vv=VM code, C=native code)
V  [libjvm.so+0x600dfe]  IndexSetIterator::advance_and_next()+0x11e
V  [libjvm.so+0x5f8d08]  PhaseIFG::SquareUp()+0x128
V  [libjvm.so+0x3fbd31]  PhaseChaitin::Register_Allocate()+0x601
V  [libjvm.so+0x483a68]  Compile::Code_Gen()+0x2d8
V  [libjvm.so+0x484dce]  Compile::Compile(ciEnv*, C2Compiler*, ciMethod*, int, bool, bool, bool)+0x113e
V  [libjvm.so+0x3dfc48]  C2Compiler::compile_method(ciEnv*, ciMethod*, int)+0x1c8
V  [libjvm.so+0x48d382]  CompileBroker::invoke_compiler_on_method(CompileTask*)+0x852
V  [libjvm.so+0x48e228]  CompileBroker::compiler_thread_loop()+0x4e8
V  [libjvm.so+0x9bef08]  JavaThread::thread_main_inner()+0xd8
V  [libjvm.so+0x8760c2]  java_start(Thread*)+0xf2
C  [libpthread.so.0+0x85e2]


Current CompileTask:
C2:   4226 1780   !   4       java.net.URLClassLoader$1::run (63 bytes)


---------------  P R O C E S S  ---------------

Java Threads: ( => current thread )
  0x00007fb484950800 JavaThread "Cache worker for execution history cache (/home/amir/.gradle/caches/6.1.1/executionHistory)" [_thread_blocked, id=3216, stack(0x00007fb49c3e7000,0x00007fb49c4e8000)]
  0x00007fb484913800 JavaThread "Cache worker for cache directory md-rule (/home/amir/.gradle/caches/6.1.1/md-rule)" [_thread_blocked, id=3215, stack(0x00007fb49c4e8000,0x00007fb49c5e9000)]
  0x00007fb4848ca800 JavaThread "Cache worker for cache directory md-supplier (/home/amir/.gradle/caches/6.1.1/md-supplier)" [_thread_blocked, id=3214, stack(0x00007fb49c7e9000,0x00007fb49c8ea000)]
  0x00007fb48467d800 JavaThread "Cache worker for file hash cache (/home/amir/AndroidStudioProjects/Prasad/MLMEcommerce/.gradle/6.1.1/fileHashes)" [_thread_blocked, id=3213, stack(0x00007fb49c8ea000,0x00007fb49c9eb000)]
  0x00007fb4845b6800 JavaThread "Cache worker for checksums cache (/home/amir/AndroidStudioProjects/Prasad/MLMEcommerce/.gradle/checksums)" [_thread_blocked, id=3212, stack(0x00007fb49c9eb000,0x00007fb49caec000)]
  0x00007fb48417f000 JavaThread "Cache worker for file hash cache (/home/amir/.gradle/caches/6.1.1/fileHashes)" [_thread_blocked, id=3211, stack(0x00007fb49cefe000,0x00007fb49cfff000)]
  0x00007fb484201800 JavaThread "File lock request listener" [_thread_in_native, id=3210, stack(0x00007fb4d40d7000,0x00007fb4d41d8000)]
  0x00007fb4841f8800 JavaThread "Cache worker for journal cache (/home/amir/.gradle/caches/journal-1)" [_thread_blocked, id=3209, stack(0x00007fb4d41d8000,0x00007fb4d42d9000)]
  0x00007fb484012800 JavaThread "Thread-9" [_thread_blocked, id=3208, stack(0x00007fb4d44d9000,0x00007fb4d45da000)]
  0x00007fb48400b000 JavaThread "Stdin handler" [_thread_blocked, id=3207, stack(0x00007fb4d45da000,0x00007fb4d46db000)]
  0x00007fb484007800 JavaThread "Asynchronous log dispatcher for DefaultDaemonConnection: socket connection from /127.0.0.1:37807 to /127.0.0.1:44046" [_thread_blocked, id=3206, stack(0x00007fb4d46db000,0x00007fb4d47dc000)]
  0x00007fb488009000 JavaThread "Daemon worker" [_thread_in_vm, id=3203, stack(0x00007fb4d49dc000,0x00007fb4d4add000)]
  0x00007fb488007000 JavaThread "Cancel handler" [_thread_blocked, id=3202, stack(0x00007fb4d4add000,0x00007fb4d4bde000)]
  0x00007fb488004000 JavaThread "Handler for socket connection from /127.0.0.1:37807 to /127.0.0.1:44046" [_thread_in_native, id=3201, stack(0x00007fb4d4bde000,0x00007fb4d4cdf000)]
  0x00007fb49002b800 JavaThread "Daemon" [_thread_blocked, id=3200, stack(0x00007fb4d4cdf000,0x00007fb4d4de0000)]
  0x00007fb4e937c000 JavaThread "Daemon periodic checks" [_thread_blocked, id=3199, stack(0x00007fb4d4de0000,0x00007fb4d4ee1000)]
  0x00007fb4e9335000 JavaThread "Incoming local TCP Connector on port 37807" [_thread_in_native, id=3198, stack(0x00007fb4d4ee1000,0x00007fb4d4fe2000)]
  0x00007fb4e92d5000 JavaThread "Daemon health stats" [_thread_blocked, id=3197, stack(0x00007fb4d51e7000,0x00007fb4d52e8000)]
  0x00007fb4e80c9800 JavaThread "Service Thread" daemon [_thread_blocked, id=3195, stack(0x00007fb4ec07f000,0x00007fb4ec180000)]
  0x00007fb4e80be000 JavaThread "C1 CompilerThread2" daemon [_thread_blocked, id=3194, stack(0x00007fb4ec181000,0x00007fb4ec281000)]
=>0x00007fb4e80bc800 JavaThread "C2 CompilerThread1" daemon [_thread_in_native, id=3193, stack(0x00007fb4ec282000,0x00007fb4ec382000)]
  0x00007fb4e80b9800 JavaThread "C2 CompilerThread0" daemon [_thread_in_native, id=3192, stack(0x00007fb4ec383000,0x00007fb4ec483000)]
  0x00007fb4e80b7800 JavaThread "Signal Dispatcher" daemon [_thread_blocked, id=3191, stack(0x00007fb4ec483000,0x00007fb4ec584000)]
  0x00007fb4e8085800 JavaThread "Finalizer" daemon [_thread_blocked, id=3190, stack(0x00007fb4ec84f000,0x00007fb4ec950000)]
  0x00007fb4e8081000 JavaThread "Reference Handler" daemon [_thread_blocked, id=3189, stack(0x00007fb4ec950000,0x00007fb4eca51000)]
  0x00007fb4e800a800 JavaThread "main" [_thread_blocked, id=3183, stack(0x00007fb4ef686000,0x00007fb4ef786000)]

Other Threads:
  0x00007fb4e8077800 VMThread [stack: 0x00007fb4eca52000,0x00007fb4ecb52000] [id=3188]
  0x00007fb4e80cc000 WatcherThread [stack: 0x00007fb4d5f00000,0x00007fb4d6000000] [id=3196]

VM state:not at safepoint (normal execution)

VM Mutex/Monitor currently owned by a thread: None

heap address: 0x00000000a0000000, size: 1536 MB, Compressed Oops mode: 32-bit
Narrow klass base: 0x0000000000000000, Narrow klass shift: 3
Compressed class space size: 1073741824 Address: 0x0000000100000000

Heap:
 PSYoungGen      total 202240K, used 60291K [0x00000000e0000000, 0x00000000ecd00000, 0x0000000100000000)
  eden space 194560K, 30% used [0x00000000e0000000,0x00000000e3ae0ee0,0x00000000ebe00000)
  from space 7680K, 0% used [0x00000000ec580000,0x00000000ec580000,0x00000000ecd00000)
  to   space 7680K, 0% used [0x00000000ebe00000,0x00000000ebe00000,0x00000000ec580000)
 ParOldGen       total 69632K, used 7303K [0x00000000a0000000, 0x00000000a4400000, 0x00000000e0000000)
  object space 69632K, 10% used [0x00000000a0000000,0x00000000a0721fc8,0x00000000a4400000)
 Metaspace       used 28391K, capacity 28924K, committed 29104K, reserved 1075200K
  class space    used 3803K, capacity 4001K, committed 4016K, reserved 1048576K

Card table byte_map: [0x00007fb4eef42000,0x00007fb4ef243000] byte_map_base: 0x00007fb4eea42000

Marking Bits: (ParMarkBitMap*) 0x00007fb4f05e87e0
 Begin Bits: [0x00007fb4d6000000, 0x00007fb4d7800000)
 End Bits:   [0x00007fb4d7800000, 0x00007fb4d9000000)

Polling page: 0x00007fb4f0858000

CodeCache: size=245760Kb used=7941Kb max_used=7941Kb free=237818Kb
 bounds [0x00007fb4d9000000, 0x00007fb4d97d0000, 0x00007fb4e8000000]
 total_blobs=2703 nmethods=2042 adapters=575
 compilation: enabled

Compilation events (10 events):
Event: 4.200 Thread 0x00007fb4e80be000 nmethod 2039 0x00007fb4d97b5350 code [0x00007fb4d97b54a0, 0x00007fb4d97b5610]
Event: 4.200 Thread 0x00007fb4e80be000 2041  s!   3       java.beans.PropertyDescriptor::getReadMethod (175 bytes)
Event: 4.201 Thread 0x00007fb4e80be000 nmethod 2041 0x00007fb4d97b5690 code [0x00007fb4d97b5a00, 0x00007fb4d97b7b28]
Event: 4.203 Thread 0x00007fb4e80be000 2046       3       java.util.TreeMap::successor (66 bytes)
Event: 4.203 Thread 0x00007fb4e80be000 nmethod 2046 0x00007fb4d97b8890 code [0x00007fb4d97b8a20, 0x00007fb4d97b8d90]
Event: 4.203 Thread 0x00007fb4e80be000 2045       3       java.util.TreeMap::fixAfterInsertion (267 bytes)
Event: 4.205 Thread 0x00007fb4e80be000 nmethod 2045 0x00007fb4d97b8f10 code [0x00007fb4d97b93a0, 0x00007fb4d97bbab8]
Event: 4.205 Thread 0x00007fb4e80be000 2044  s!   3       java.beans.PropertyDescriptor::getWriteMethod (165 bytes)
Event: 4.209 Thread 0x00007fb4e80be000 nmethod 2044 0x00007fb4d97bcc50 code [0x00007fb4d97bcf80, 0x00007fb4d97bee58]
Event: 4.209 Thread 0x00007fb4e80be000 2043       3       com.sun.beans.TypeResolver::resolveInClass (9 bytes)

GC Heap History (10 events):
Event: 0.841 GC heap before
{Heap before GC invocations=1 (full 0):
 PSYoungGen      total 56320K, used 48640K [0x00000000e0000000, 0x00000000e3e80000, 0x0000000100000000)
  eden space 48640K, 100% used [0x00000000e0000000,0x00000000e2f80000,0x00000000e2f80000)
  from space 7680K, 0% used [0x00000000e3700000,0x00000000e3700000,0x00000000e3e80000)
  to   space 7680K, 0% used [0x00000000e2f80000,0x00000000e2f80000,0x00000000e3700000)
 ParOldGen       total 128512K, used 0K [0x00000000a0000000, 0x00000000a7d80000, 0x00000000e0000000)
  object space 128512K, 0% used [0x00000000a0000000,0x00000000a0000000,0x00000000a7d80000)
 Metaspace       used 7488K, capacity 7696K, committed 8064K, reserved 1056768K
  class space    used 925K, capacity 1032K, committed 1152K, reserved 1048576K
Event: 0.850 GC heap after
Heap after GC invocations=1 (full 0):
 PSYoungGen      total 56320K, used 4840K [0x00000000e0000000, 0x00000000e6e00000, 0x0000000100000000)
  eden space 48640K, 0% used [0x00000000e0000000,0x00000000e0000000,0x00000000e2f80000)
  from space 7680K, 63% used [0x00000000e2f80000,0x00000000e343a288,0x00000000e3700000)
  to   space 7680K, 0% used [0x00000000e6680000,0x00000000e6680000,0x00000000e6e00000)
 ParOldGen       total 128512K, used 0K [0x00000000a0000000, 0x00000000a7d80000, 0x00000000e0000000)
  object space 128512K, 0% used [0x00000000a0000000,0x00000000a0000000,0x00000000a7d80000)
 Metaspace       used 7488K, capacity 7696K, committed 8064K, reserved 1056768K
  class space    used 925K, capacity 1032K, committed 1152K, reserved 1048576K
}
Event: 1.497 GC heap before
{Heap before GC invocations=2 (full 0):
 PSYoungGen      total 56320K, used 53480K [0x00000000e0000000, 0x00000000e6e00000, 0x0000000100000000)
  eden space 48640K, 100% used [0x00000000e0000000,0x00000000e2f80000,0x00000000e2f80000)
  from space 7680K, 63% used [0x00000000e2f80000,0x00000000e343a288,0x00000000e3700000)
  to   space 7680K, 0% used [0x00000000e6680000,0x00000000e6680000,0x00000000e6e00000)
 ParOldGen       total 128512K, used 0K [0x00000000a0000000, 0x00000000a7d80000, 0x00000000e0000000)
  object space 128512K, 0% used [0x00000000a0000000,0x00000000a0000000,0x00000000a7d80000)
 Metaspace       used 12250K, capacity 12646K, committed 12928K, reserved 1060864K
  class space    used 1681K, capacity 1811K, committed 1920K, reserved 1048576K
Event: 1.512 GC heap after
Heap after GC invocations=2 (full 0):
 PSYoungGen      total 104960K, used 7280K [0x00000000e0000000, 0x00000000e6e00000, 0x0000000100000000)
  eden space 97280K, 0% used [0x00000000e0000000,0x00000000e0000000,0x00000000e5f00000)
  from space 7680K, 94% used [0x00000000e6680000,0x00000000e6d9c328,0x00000000e6e00000)
  to   space 7680K, 0% used [0x00000000e5f00000,0x00000000e5f00000,0x00000000e6680000)
 ParOldGen       total 128512K, used 16K [0x00000000a0000000, 0x00000000a7d80000, 0x00000000e0000000)
  object space 128512K, 0% used [0x00000000a0000000,0x00000000a0004000,0x00000000a7d80000)
 Metaspace       used 12250K, capacity 12646K, committed 12928K, reserved 1060864K
  class space    used 1681K, capacity 1811K, committed 1920K, reserved 1048576K
}
Event: 3.151 GC heap before
{Heap before GC invocations=3 (full 0):
 PSYoungGen      total 104960K, used 104560K [0x00000000e0000000, 0x00000000e6e00000, 0x0000000100000000)
  eden space 97280K, 100% used [0x00000000e0000000,0x00000000e5f00000,0x00000000e5f00000)
  from space 7680K, 94% used [0x00000000e6680000,0x00000000e6d9c328,0x00000000e6e00000)
  to   space 7680K, 0% used [0x00000000e5f00000,0x00000000e5f00000,0x00000000e6680000)
 ParOldGen       total 128512K, used 16K [0x00000000a0000000, 0x00000000a7d80000, 0x00000000e0000000)
  object space 128512K, 0% used [0x00000000a0000000,0x00000000a0004000,0x00000000a7d80000)
 Metaspace       used 20426K, capacity 20942K, committed 21248K, reserved 1067008K
  class space    used 2876K, capacity 3053K, committed 3072K, reserved 1048576K
Event: 3.183 GC heap after
Heap after GC invocations=3 (full 0):
 PSYoungGen      total 104960K, used 7675K [0x00000000e0000000, 0x00000000ecd00000, 0x0000000100000000)
  eden space 97280K, 0% used [0x00000000e0000000,0x00000000e0000000,0x00000000e5f00000)
  from space 7680K, 99% used [0x00000000e5f00000,0x00000000e667efa0,0x00000000e6680000)
  to   space 7680K, 0% used [0x00000000ec580000,0x00000000ec580000,0x00000000ecd00000)
 ParOldGen       total 128512K, used 6250K [0x00000000a0000000, 0x00000000a7d80000, 0x00000000e0000000)
  object space 128512K, 4% used [0x00000000a0000000,0x00000000a061a8e8,0x00000000a7d80000)
 Metaspace       used 20426K, capacity 20942K, committed 21248K, reserved 1067008K
  class space    used 2876K, capacity 3053K, committed 3072K, reserved 1048576K
}
Event: 3.215 GC heap before
{Heap before GC invocations=4 (full 0):
 PSYoungGen      total 104960K, used 13455K [0x00000000e0000000, 0x00000000ecd00000, 0x0000000100000000)
  eden space 97280K, 5% used [0x00000000e0000000,0x00000000e05a4c80,0x00000000e5f00000)
  from space 7680K, 99% used [0x00000000e5f00000,0x00000000e667efa0,0x00000000e6680000)
  to   space 7680K, 0% used [0x00000000ec580000,0x00000000ec580000,0x00000000ecd00000)
 ParOldGen       total 128512K, used 6250K [0x00000000a0000000, 0x00000000a7d80000, 0x00000000e0000000)
  object space 128512K, 4% used [0x00000000a0000000,0x00000000a061a8e8,0x00000000a7d80000)
 Metaspace       used 20606K, capacity 21166K, committed 21296K, reserved 1067008K
  class space    used 2903K, capacity 3085K, committed 3120K, reserved 1048576K
Event: 3.226 GC heap after
Heap after GC invocations=4 (full 0):
 PSYoungGen      total 202240K, used 6888K [0x00000000e0000000, 0x00000000ecd00000, 0x0000000100000000)
  eden space 194560K, 0% used [0x00000000e0000000,0x00000000e0000000,0x00000000ebe00000)
  from space 7680K, 89% used [0x00000000ec580000,0x00000000ecc3a338,0x00000000ecd00000)
  to   space 7680K, 0% used [0x00000000ebe00000,0x00000000ebe00000,0x00000000ec580000)
 ParOldGen       total 128512K, used 6258K [0x00000000a0000000, 0x00000000a7d80000, 0x00000000e0000000)
  object space 128512K, 4% used [0x00000000a0000000,0x00000000a061c8e8,0x00000000a7d80000)
 Metaspace       used 20606K, capacity 21166K, committed 21296K, reserved 1067008K
  class space    used 2903K, capacity 3085K, committed 3120K, reserved 1048576K
}
Event: 3.226 GC heap before
{Heap before GC invocations=5 (full 1):
 PSYoungGen      total 202240K, used 6888K [0x00000000e0000000, 0x00000000ecd00000, 0x0000000100000000)
  eden space 194560K, 0% used [0x00000000e0000000,0x00000000e0000000,0x00000000ebe00000)
  from space 7680K, 89% used [0x00000000ec580000,0x00000000ecc3a338,0x00000000ecd00000)
  to   space 7680K, 0% used [0x00000000ebe00000,0x00000000ebe00000,0x00000000ec580000)
 ParOldGen       total 128512K, used 6258K [0x00000000a0000000, 0x00000000a7d80000, 0x00000000e0000000)
  object space 128512K, 4% used [0x00000000a0000000,0x00000000a061c8e8,0x00000000a7d80000)
 Metaspace       used 20606K, capacity 21166K, committed 21296K, reserved 1067008K
  class space    used 2903K, capacity 3085K, committed 3120K, reserved 1048576K
Event: 3.271 GC heap after
Heap after GC invocations=5 (full 1):
 PSYoungGen      total 202240K, used 0K [0x00000000e0000000, 0x00000000ecd00000, 0x0000000100000000)
  eden space 194560K, 0% used [0x00000000e0000000,0x00000000e0000000,0x00000000ebe00000)
  from space 7680K, 0% used [0x00000000ec580000,0x00000000ec580000,0x00000000ecd00000)
  to   space 7680K, 0% used [0x00000000ebe00000,0x00000000ebe00000,0x00000000ec580000)
 ParOldGen       total 69632K, used 7303K [0x00000000a0000000, 0x00000000a4400000, 0x00000000e0000000)
  object space 69632K, 10% used [0x00000000a0000000,0x00000000a0721fc8,0x00000000a4400000)
 Metaspace       used 20606K, capacity 21166K, committed 21296K, reserved 1067008K
  class space    used 2903K, capacity 3085K, committed 3120K, reserved 1048576K
}

Deoptimization events (10 events):
Event: 3.089 Thread 0x00007fb488009000 Uncommon trap: reason=unstable_if action=reinterpret pc=0x00007fb4d940fb9c method=java.util.HashMap.hash(Ljava/lang/Object;)I @ 1
Event: 3.207 Thread 0x00007fb488009000 Uncommon trap: reason=unstable_if action=reinterpret pc=0x00007fb4d92ade6c method=java.io.UnixFileSystem.resolve(Ljava/lang/String;Ljava/lang/String;)Ljava/lang/String; @ 18
Event: 3.295 Thread 0x00007fb488009000 Uncommon trap: reason=unstable_if action=reinterpret pc=0x00007fb4d92b4034 method=java.util.LinkedHashMap.afterNodeInsertion(Z)V @ 1
Event: 3.985 Thread 0x00007fb488009000 Uncommon trap: reason=unstable_if action=reinterpret pc=0x00007fb4d924d11c method=java.io.UnixFileSystem.normalize(Ljava/lang/String;)Ljava/lang/String; @ 60
Event: 3.985 Thread 0x00007fb488009000 Uncommon trap: reason=class_check action=maybe_recompile pc=0x00007fb4d962a184 method=sun.misc.URLClassPath.getLoader(I)Lsun/misc/URLClassPath$Loader; @ 94
Event: 3.985 Thread 0x00007fb488009000 Uncommon trap: reason=class_check action=maybe_recompile pc=0x00007fb4d931416c method=sun.misc.URLClassPath.getResource(Ljava/lang/String;Z)Lsun/misc/Resource; @ 62
Event: 3.986 Thread 0x00007fb488009000 Uncommon trap: reason=unstable_if action=reinterpret pc=0x00007fb4d9422480 method=java.lang.String.regionMatches(ZILjava/lang/String;II)Z @ 41
Event: 3.992 Thread 0x00007fb488009000 Uncommon trap: reason=unstable_if action=reinterpret pc=0x00007fb4d9426c7c method=java.lang.ClassLoader.getClassLoadingLock(Ljava/lang/String;)Ljava/lang/Object; @ 6
Event: 4.029 Thread 0x00007fb488009000 Uncommon trap: reason=class_check action=maybe_recompile pc=0x00007fb4d962a4f0 method=sun.misc.URLClassPath.getLoader(I)Lsun/misc/URLClassPath$Loader; @ 239
Event: 4.056 Thread 0x00007fb488009000 Uncommon trap: reason=class_check action=maybe_recompile pc=0x00007fb4d962a4f0 method=sun.misc.URLClassPath.getLoader(I)Lsun/misc/URLClassPath$Loader; @ 239

Classes redefined (0 events):
No events

Internal exceptions (10 events):
Event: 4.052 Thread 0x00007fb488009000 Exception <a 'java/lang/ClassNotFoundException': org/gradle/groovy/scripts/DefaultScriptCustomizer> (0x00000000e3078458) thrown at [/buildbot/src/googleplex-android/openjdk/out/hotspot/src/share/vm/classfile/systemDictionary.cpp, line 210]
Event: 4.055 Thread 0x00007fb488009000 Exception <a 'java/lang/ClassNotFoundException': org/gradle/plugin/use/internal/PluginsAwareScriptCustomizer> (0x00000000e30ba150) thrown at [/buildbot/src/googleplex-android/openjdk/out/hotspot/src/share/vm/classfile/systemDictionary.cpp, line 210]
Event: 4.055 Thread 0x00007fb488009000 Exception <a 'java/lang/ClassNotFoundException': org/gradle/initialization/SettingsScriptCustomizer> (0x00000000e30d9a28) thrown at [/buildbot/src/googleplex-android/openjdk/out/hotspot/src/share/vm/classfile/systemDictionary.cpp, line 210]
Event: 4.056 Thread 0x00007fb488009000 Exception <a 'java/lang/ClassNotFoundException': settings_9te65ai8pg6y72f1lfvugtjfaCustomizer> (0x00000000e30ef4f0) thrown at [/buildbot/src/googleplex-android/openjdk/out/hotspot/src/share/vm/classfile/systemDictionary.cpp, line 210]
Event: 4.181 Thread 0x00007fb488009000 Exception <a 'java/lang/ClassNotFoundException': org/gradle/initialization/DefaultSettings_DecoratedBeanInfo> (0x00000000e33407d8) thrown at [/buildbot/src/googleplex-android/openjdk/out/hotspot/src/share/vm/classfile/systemDictionary.cpp, line 210]
Event: 4.183 Thread 0x00007fb488009000 Exception <a 'java/lang/ClassNotFoundException': org/gradle/initialization/DefaultSettingsBeanInfo> (0x00000000e37fb8d8) thrown at [/buildbot/src/googleplex-android/openjdk/out/hotspot/src/share/vm/classfile/systemDictionary.cpp, line 210]
Event: 4.183 Thread 0x00007fb488009000 Exception <a 'java/lang/ClassNotFoundException': org/gradle/api/internal/project/AbstractPluginAwareBeanInfo> (0x00000000e382dde0) thrown at [/buildbot/src/googleplex-android/openjdk/out/hotspot/src/share/vm/classfile/systemDictionary.cpp, line 210]
Event: 4.184 Thread 0x00007fb488009000 Exception <a 'java/lang/ClassNotFoundException': org/gradle/api/internal/project/AbstractPluginAwareCustomizer> (0x00000000e3860ee0) thrown at [/buildbot/src/googleplex-android/openjdk/out/hotspot/src/share/vm/classfile/systemDictionary.cpp, line 210]
Event: 4.185 Thread 0x00007fb488009000 Exception <a 'java/lang/ClassNotFoundException': org/gradle/initialization/DefaultSettingsCustomizer> (0x00000000e3896770) thrown at [/buildbot/src/googleplex-android/openjdk/out/hotspot/src/share/vm/classfile/systemDictionary.cpp, line 210]
Event: 4.195 Thread 0x00007fb488009000 Exception <a 'java/lang/ClassNotFoundException': org/gradle/initialization/DefaultSettings_DecoratedCustomizer> (0x00000000e3904b18) thrown at [/buildbot/src/googleplex-android/openjdk/out/hotspot/src/share/vm/classfile/systemDictionary.cpp, line 210]

Events (10 events):
Event: 4.193 loading class org/gradle/initialization/DefaultSettings_DecoratedCustomizer
Event: 4.193 loading class org/gradle/initialization/DefaultSettings_DecoratedCustomizer done
Event: 4.194 loading class org/gradle/initialization/DefaultSettings_DecoratedCustomizer
Event: 4.194 loading class org/gradle/initialization/DefaultSettings_DecoratedCustomizer done
Event: 4.194 loading class org/gradle/initialization/DefaultSettings_DecoratedCustomizer
Event: 4.194 loading class org/gradle/initialization/DefaultSettings_DecoratedCustomizer done
Event: 4.195 loading class org/gradle/initialization/DefaultSettings_DecoratedCustomizer
Event: 4.195 loading class org/gradle/initialization/DefaultSettings_DecoratedCustomizer done
Event: 4.207 loading class org/codehaus/groovy/classgen/asm/util/TypeUtil
Event: 4.207 loading class org/codehaus/groovy/classgen/asm/util/TypeUtil done


Dynamic libraries:
00400000-00401000 r-xp 00000000 08:01 6837570                            /app/extra/android-studio/jre/bin/java
00401000-00402000 r--p 00000000 08:01 6837570                            /app/extra/android-studio/jre/bin/java
00402000-00403000 rw-p 00001000 08:01 6837570                            /app/extra/android-studio/jre/bin/java
01c55000-01c76000 rw-p 00000000 00:00 0                                  [heap]
a0000000-a4400000 rw-p 00000000 00:00 0 
a4400000-e0000000 ---p 00000000 00:00 0 
e0000000-ecd00000 rw-p 00000000 00:00 0 
ecd00000-100000000 ---p 00000000 00:00 0 
100000000-1003ec000 rw-p 00000000 00:00 0 
1003ec000-140000000 ---p 00000000 00:00 0 
7fb457c00000-7fb457c80000 rw-p 00000000 00:00 0 
7fb457c80000-7fb457e00000 ---p 00000000 00:00 0 
7fb457e00000-7fb458000000 rw-p 00000000 00:00 0 
7fb458000000-7fb458021000 rw-p 00000000 00:00 0 
7fb458021000-7fb45c000000 ---p 00000000 00:00 0 
7fb45c000000-7fb45c021000 rw-p 00000000 00:00 0 
7fb45c021000-7fb460000000 ---p 00000000 00:00 0 
7fb460000000-7fb460021000 rw-p 00000000 00:00 0 
7fb460021000-7fb464000000 ---p 00000000 00:00 0 
7fb464000000-7fb464021000 rw-p 00000000 00:00 0 
7fb464021000-7fb468000000 ---p 00000000 00:00 0 
7fb468000000-7fb468021000 rw-p 00000000 00:00 0 
7fb468021000-7fb46c000000 ---p 00000000 00:00 0 
7fb46c000000-7fb46c021000 rw-p 00000000 00:00 0 
7fb46c021000-7fb470000000 ---p 00000000 00:00 0 
7fb470000000-7fb470021000 rw-p 00000000 00:00 0 
7fb470021000-7fb474000000 ---p 00000000 00:00 0 
7fb474000000-7fb474021000 rw-p 00000000 00:00 0 
7fb474021000-7fb478000000 ---p 00000000 00:00 0 
7fb478000000-7fb478021000 rw-p 00000000 00:00 0 
7fb478021000-7fb47c000000 ---p 00000000 00:00 0 
7fb47c000000-7fb47c021000 rw-p 00000000 00:00 0 
7fb47c021000-7fb480000000 ---p 00000000 00:00 0 
7fb480000000-7fb480021000 rw-p 00000000 00:00 0 
7fb480021000-7fb484000000 ---p 00000000 00:00 0 
7fb484000000-7fb484c97000 rw-p 00000000 00:00 0 
7fb484c97000-7fb488000000 ---p 00000000 00:00 0 
7fb488000000-7fb488021000 rw-p 00000000 00:00 0 
7fb488021000-7fb48c000000 ---p 00000000 00:00 0 
7fb48c000000-7fb48c021000 rw-p 00000000 00:00 0 
7fb48c021000-7fb490000000 ---p 00000000 00:00 0 
7fb490000000-7fb490068000 rw-p 00000000 00:00 0 
7fb490068000-7fb494000000 ---p 00000000 00:00 0 
7fb494000000-7fb494021000 rw-p 00000000 00:00 0 
7fb494021000-7fb498000000 ---p 00000000 00:00 0 
7fb498000000-7fb498021000 rw-p 00000000 00:00 0 
7fb498021000-7fb49c000000 ---p 00000000 00:00 0 
7fb49c1e7000-7fb49c3e7000 rw-p 00000000 00:00 0 
7fb49c3e7000-7fb49c3ea000 ---p 00000000 00:00 0 
7fb49c3ea000-7fb49c4e8000 rw-p 00000000 00:00 0 
7fb49c4e8000-7fb49c4eb000 ---p 00000000 00:00 0 
7fb49c4eb000-7fb49c7e9000 rw-p 00000000 00:00 0 
7fb49c7e9000-7fb49c7ec000 ---p 00000000 00:00 0 
7fb49c7ec000-7fb49c8ea000 rw-p 00000000 00:00 0 
7fb49c8ea000-7fb49c8ed000 ---p 00000000 00:00 0 
7fb49c8ed000-7fb49c9eb000 rw-p 00000000 00:00 0 
7fb49c9eb000-7fb49c9ee000 ---p 00000000 00:00 0 
7fb49c9ee000-7fb49caec000 rw-p 00000000 00:00 0 
7fb49cafe000-7fb49ccfe000 rw-p 00000000 00:00 0 
7fb49ccfe000-7fb49cefe000 rw-p 00000000 00:00 0 
7fb49cefe000-7fb49cf01000 ---p 00000000 00:00 0 
7fb49cf01000-7fb4a0000000 rw-p 00000000 00:00 0 
7fb4a0000000-7fb4a0021000 rw-p 00000000 00:00 0 
7fb4a0021000-7fb4a4000000 ---p 00000000 00:00 0 
7fb4a4000000-7fb4a4021000 rw-p 00000000 00:00 0 
7fb4a4021000-7fb4a8000000 ---p 00000000 00:00 0 
7fb4a8000000-7fb4a9dc9000 rw-p 00000000 00:00 0 
7fb4a9dc9000-7fb4ac000000 ---p 00000000 00:00 0 
7fb4ac000000-7fb4ac88d000 rw-p 00000000 00:00 0 
7fb4ac88d000-7fb4b0000000 ---p 00000000 00:00 0 
7fb4b0000000-7fb4b0021000 rw-p 00000000 00:00 0 
7fb4b0021000-7fb4b4000000 ---p 00000000 00:00 0 
7fb4b4000000-7fb4b5d56000 rw-p 00000000 00:00 0 
7fb4b5d56000-7fb4b8000000 ---p 00000000 00:00 0 
7fb4b8000000-7fb4b8021000 rw-p 00000000 00:00 0 
7fb4b8021000-7fb4bc000000 ---p 00000000 00:00 0 
7fb4bc000000-7fb4bc021000 rw-p 00000000 00:00 0 
7fb4bc021000-7fb4c0000000 ---p 00000000 00:00 0 
7fb4c0000000-7fb4c0026000 rw-p 00000000 00:00 0 
7fb4c0026000-7fb4c4000000 ---p 00000000 00:00 0 
7fb4c4000000-7fb4c4021000 rw-p 00000000 00:00 0 
7fb4c4021000-7fb4c8000000 ---p 00000000 00:00 0 
7fb4c8000000-7fb4c8021000 rw-p 00000000 00:00 0 
7fb4c8021000-7fb4cc000000 ---p 00000000 00:00 0 
7fb4cc000000-7fb4cc021000 rw-p 00000000 00:00 0 
7fb4cc021000-7fb4d0000000 ---p 00000000 00:00 0 
7fb4d0000000-7fb4d0021000 rw-p 00000000 00:00 0 
7fb4d0021000-7fb4d4000000 ---p 00000000 00:00 0 
7fb4d405d000-7fb4d40d7000 r--s 01104000 08:01 6837564                    /app/extra/android-studio/jre/lib/tools.jar
7fb4d40d7000-7fb4d40da000 ---p 00000000 00:00 0 
7fb4d40da000-7fb4d41d8000 rw-p 00000000 00:00 0 
7fb4d41d8000-7fb4d41db000 ---p 00000000 00:00 0 
7fb4d41db000-7fb4d44d9000 rw-p 00000000 00:00 0 
7fb4d44d9000-7fb4d44dc000 ---p 00000000 00:00 0 
7fb4d44dc000-7fb4d45da000 rw-p 00000000 00:00 0 
7fb4d45da000-7fb4d45dd000 ---p 00000000 00:00 0 
7fb4d45dd000-7fb4d46db000 rw-p 00000000 00:00 0 
7fb4d46db000-7fb4d46de000 ---p 00000000 00:00 0 
7fb4d46de000-7fb4d49dc000 rw-p 00000000 00:00 0 
7fb4d49dc000-7fb4d49df000 ---p 00000000 00:00 0 
7fb4d49df000-7fb4d4add000 rw-p 00000000 00:00 0 
7fb4d4add000-7fb4d4ae0000 ---p 00000000 00:00 0 
7fb4d4ae0000-7fb4d4bde000 rw-p 00000000 00:00 0 
7fb4d4bde000-7fb4d4be1000 ---p 00000000 00:00 0 
7fb4d4be1000-7fb4d4cdf000 rw-p 00000000 00:00 0 
7fb4d4cdf000-7fb4d4ce2000 ---p 00000000 00:00 0 
7fb4d4ce2000-7fb4d4de0000 rw-p 00000000 00:00 0 
7fb4d4de0000-7fb4d4de3000 ---p 00000000 00:00 0 
7fb4d4de3000-7fb4d4ee1000 rw-p 00000000 00:00 0 
7fb4d4ee1000-7fb4d4ee4000 ---p 00000000 00:00 0 
7fb4d4ee4000-7fb4d4fe2000 rw-p 00000000 00:00 0 
7fb4d4fe2000-7fb4d4fe7000 r--s 000a3000 08:01 6837715                    /app/extra/android-studio/jre/jre/lib/jsse.jar
7fb4d4fe7000-7fb4d51e7000 rw-p 00000000 00:00 0 
7fb4d51e7000-7fb4d51ea000 ---p 00000000 00:00 0 
7fb4d51ea000-7fb4d52e8000 rw-p 00000000 00:00 0 
7fb4d52e8000-7fb4d52f0000 r-xp 00000000 08:01 6837660                    /app/extra/android-studio/jre/jre/lib/amd64/libmanagement.so
7fb4d52f0000-7fb4d52f1000 r--p 00007000 08:01 6837660                    /app/extra/android-studio/jre/jre/lib/amd64/libmanagement.so
7fb4d52f1000-7fb4d52f2000 rw-p 00008000 08:01 6837660                    /app/extra/android-studio/jre/jre/lib/amd64/libmanagement.so
7fb4d52f2000-7fb4d52f4000 r--s 00010000 08:01 10641365                   /home/amir/.gradle/wrapper/dists/gradle-6.1.1-all/cfmwm155h49vnt3hynmlrsdst/gradle-6.1.1/lib/plugins/gradle-tooling-api-builders-6.1.1.jar
7fb4d52f4000-7fb4d5303000 r--s 000fc000 08:01 10645636                   /home/amir/.gradle/wrapper/dists/gradle-6.1.1-all/cfmwm155h49vnt3hynmlrsdst/gradle-6.1.1/lib/plugins/gradle-instant-execution-6.1.1.jar
7fb4d5303000-7fb4d5304000 r--s 00005000 08:01 10646362                   /home/amir/.gradle/wrapper/dists/gradle-6.1.1-all/cfmwm155h49vnt3hynmlrsdst/gradle-6.1.1/lib/plugins/gradle-build-profile-6.1.1.jar
7fb4d5304000-7fb4d5306000 r--s 00003000 08:01 10640124                   /home/amir/.gradle/wrapper/dists/gradle-6.1.1-all/cfmwm155h49vnt3hynmlrsdst/gradle-6.1.1/lib/plugins/gradle-tooling-native-6.1.1.jar
7fb4d5306000-7fb4d530a000 r--s 00017000 08:01 10640137                   /home/amir/.gradle/wrapper/dists/gradle-6.1.1-all/cfmwm155h49vnt3hynmlrsdst/gradle-6.1.1/lib/plugins/gradle-testing-native-6.1.1.jar
7fb4d530a000-7fb4d530d000 r--s 00011000 08:01 10650751                   /home/amir/.gradle/wrapper/dists/gradle-6.1.1-all/cfmwm155h49vnt3hynmlrsdst/gradle-6.1.1/lib/plugins/junit-platform-commons-1.3.1.jar
7fb4d530d000-7fb4d530e000 r--s 00001000 08:01 10650753                   /home/amir/.gradle/wrapper/dists/gradle-6.1.1-all/cfmwm155h49vnt3hynmlrsdst/gradle-6.1.1/lib/plugins/opentest4j-1.1.1.jar
7fb4d530e000-7fb4d5312000 r--s 0001d000 08:01 10650750                   /home/amir/.gradle/wrapper/dists/gradle-6.1.1-all/cfmwm155h49vnt3hynmlrsdst/gradle-6.1.1/lib/plugins/junit-platform-engine-1.3.1.jar
7fb4d5312000-7fb4d5313000 r--s 00000000 08:01 10650752                   /home/amir/.gradle/wrapper/dists/gradle-6.1.1-all/cfmwm155h49vnt3hynmlrsdst/gradle-6.1.1/lib/plugins/apiguardian-api-1.0.0.jar
7fb4d5313000-7fb4d5316000 r--s 00015000 08:01 10650135                   /home/amir/.gradle/wrapper/dists/gradle-6.1.1-all/cfmwm155h49vnt3hynmlrsdst/gradle-6.1.1/lib/plugins/junit-platform-launcher-1.3.1.jar
7fb4d5316000-7fb4d5317000 r--s 00003000 08:01 10641364                   /home/amir/.gradle/wrapper/dists/gradle-6.1.1-all/cfmwm155h49vnt3hynmlrsdst/gradle-6.1.1/lib/plugins/gradle-testing-junit-platform-6.1.1.jar
7fb4d5317000-7fb4d531a000 r--s 0000f000 08:01 10640122                   /home/amir/.gradle/wrapper/dists/gradle-6.1.1-all/cfmwm155h49vnt3hynmlrsdst/gradle-6.1.1/lib/plugins/gradle-signing-6.1.1.jar
7fb4d531a000-7fb4d531c000 r--s 0000a000 08:01 10640822                   /home/amir/.gradle/wrapper/dists/gradle-6.1.1-all/cfmwm155h49vnt3hynmlrsdst/gradle-6.1.1/lib/plugins/gradle-scala-6.1.1.jar
7fb4d531c000-7fb4d531d000 r--s 00004000 08:01 10646361                   /home/amir/.gradle/wrapper/dists/gradle-6.1.1-all/cfmwm155h49vnt3hynmlrsdst/gradle-6.1.1/lib/plugins/gradle-resources-sftp-6.1.1.jar
7fb4d531d000-7fb4d5328000 r--s 00074000 08:01 10650139                   /home/amir/.gradle/wrapper/dists/gradle-6.1.1-all/cfmwm155h49vnt3hynmlrsdst/gradle-6.1.1/lib/plugins/aws-java-sdk-kms-1.11.633.jar
7fb4d5328000-7fb4d532a000 r--s 00005000 08:01 10650155                   /home/amir/.gradle/wrapper/dists/gradle-6.1.1-all/cfmwm155h49vnt3hynmlrsdst/gradle-6.1.1/lib/plugins/jmespath-java-1.11.633.jar
7fb4d532a000-7fb4d5341000 r--s 000e1000 08:01 10650136                   /home/amir/.gradle/wrapper/dists/gradle-6.1.1-all/cfmwm155h49vnt3hynmlrsdst/gradle-6.1.1/lib/plugins/aws-java-sdk-s3-1.11.633.jar
7fb4d5341000-7fb4d534b000 r--s 00081000 08:01 10650749                   /home/amir/.gradle/wrapper/dists/gradle-6.1.1-all/cfmwm155h49vnt3hynmlrsdst/gradle-6.1.1/lib/plugins/ion-java-1.0.2.jar
7fb4d534b000-7fb4d5362000 r--s 000d5000 08:01 10650140                   /home/amir/.gradle/wrapper/dists/gradle-6.1.1-all/cfmwm155h49vnt3hynmlrsdst/gradle-6.1.1/lib/plugins/aws-java-sdk-core-1.11.633.jar
7fb4d5362000-7fb4d5364000 r--s 00004000 08:01 10646357                   /home/amir/.gradle/wrapper/dists/gradle-6.1.1-all/cfmwm155h49vnt3hynmlrsdst/gradle-6.1.1/lib/plugins/gradle-resources-s3-6.1.1.jar
7fb4d5364000-7fb4d5374000 r--s 0008d000 08:01 10650602                   /home/amir/.gradle/wrapper/dists/gradle-6.1.1-all/cfmwm155h49vnt3hynmlrsdst/gradle-6.1.1/lib/plugins/joda-time-2.10.4.jar
7fb4d5374000-7fb4d5387000 r--s 00137000 08:01 10650156                   /home/amir/.gradle/wrapper/dists/gradle-6.1.1-all/cfmwm155h49vnt3hynmlrsdst/gradle-6.1.1/lib/plugins/jackson-databind-2.9.10.jar
7fb4d5387000-7fb4d538a000 r--s 0000e000 08:01 10650601                   /home/amir/.gradle/wrapper/dists/gradle-6.1.1-all/cfmwm155h49vnt3hynmlrsdst/gradle-6.1.1/lib/plugins/jackson-annotations-2.9.10.jar
7fb4d538a000-7fb4d538e000 r--s 0004c000 08:01 10650600                   /home/amir/.gradle/wrapper/dists/gradle-6.1.1-all/cfmwm155h49vnt3hynmlrsdst/gradle-6.1.1/lib/plugins/jackson-core-2.9.10.jar
7fb4d538e000-7fb4d538f000 r--s 00001000 08:01 10650115                   /home/amir/.gradle/wrapper/dists/gradle-6.1.1-all/cfmwm155h49vnt3hynmlrsdst/gradle-6.1.1/lib/plugins/google-http-client-jackson2-1.25.0.jar
7fb4d538f000-7fb4d5399000 r--s 00056000 08:01 10650118                   /home/amir/.gradle/wrapper/dists/gradle-6.1.1-all/cfmwm155h49vnt3hynmlrsdst/gradle-6.1.1/lib/plugins/google-http-client-1.25.0.jar
7fb4d5399000-7fb4d539c000 r--s 0000d000 08:01 10650114                   /home/amir/.gradle/wrapper/dists/gradle-6.1.1-all/cfmwm155h49vnt3hynmlrsdst/gradle-6.1.1/lib/plugins/google-oauth-client-1.25.0.jar
7fb4d539c000-7fb4d53a1000 r--s 0002d000 08:01 10646804                   /home/amir/.gradle/wrapper/dists/gradle-6.1.1-all/cfmwm155h49vnt3hynmlrsdst/gradle-6.1.1/lib/plugins/google-api-client-1.25.0.jar
7fb4d53a1000-7fb4d53a5000 r--s 0001d000 08:01 10646801                   /home/amir/.gradle/wrapper/dists/gradle-6.1.1-all/cfmwm155h49vnt3hynmlrsdst/gradle-6.1.1/lib/plugins/google-api-services-storage-v1-rev136-1.25.0.jar
7fb4d53a5000-7fb4d53a7000 r--s 00003000 08:01 10646358                   /home/amir/.gradle/wrapper/dists/gradle-6.1.1-all/cfmwm155h49vnt3hynmlrsdst/gradle-6.1.1/lib/plugins/gradle-resources-gcs-6.1.1.jar
7fb4d53a7000-7fb4d53ad000 r--s 00031000 08:01 10640832                   /home/amir/.gradle/wrapper/dists/gradle-6.1.1-all/cfmwm155h49vnt3hynmlrsdst/gradle-6.1.1/lib/plugins/gradle-platform-play-6.1.1.jar
7fb4d53ad000-7fb4d53bf000 r--s 00078000 08:01 10645641                   /home/amir/.gradle/wrapper/dists/gradle-6.1.1-all/cfmwm155h49vnt3hynmlrsdst/gradle-6.1.1/lib/plugins/gradle-platform-native-6.1.1.jar
7fb4d53bf000-7fb4d53c2000 r--s 0000d000 08:01 10640927                   /home/amir/.gradle/wrapper/dists/gradle-6.1.1-all/cfmwm155h49vnt3hynmlrsdst/gradle-6.1.1/lib/plugins/gradle-language-scala-6.1.1.jar
7fb4d53c2000-7fb4d53cd000 r--s 00054000 08:01 10640143                   /home/amir/.gradle/wrapper/dists/gradle-6.1.1-all/cfmwm155h49vnt3hynmlrsdst/gradle-6.1.1/lib/plugins/gradle-language-native-6.1.1.jar
7fb4d53cd000-7fb4d53d4000 r--s 00035000 08:01 10650107                   /home/amir/.gradle/wrapper/dists/gradle-6.1.1-all/cfmwm155h49vnt3hynmlrsdst/gradle-6.1.1/lib/plugins/simple-4.1.21.jar
7fb4d53d4000-7fb4d53e1000 r--s 00125000 08:01 10650103                   /home/amir/.gradle/wrapper/dists/gradle-6.1.1-all/cfmwm155h49vnt3hynmlrsdst/gradle-6.1.1/lib/plugins/rhino-1.7.10.jar
7fb4d53e1000-7fb4d53e5000 r--s 00012000 08:01 10640833                   /home/amir/.gradle/wrapper/dists/gradle-6.1.1-all/cfmwm155h49vnt3hynmlrsdst/gradle-6.1.1/lib/plugins/gradle-javascript-6.1.1.jar
7fb4d53e5000-7fb4d53e8000 r--s 00011000 08:01 10640911                   /home/amir/.gradle/wrapper/dists/gradle-6.1.1-all/cfmwm155h49vnt3hynmlrsdst/gradle-6.1.1/lib/plugins/gradle-jacoco-6.1.1.jar
7fb4d53e8000-7fb4d53ea000 r--s 00002000 08:01 10640797                   /home/amir/.gradle/wrapper/dists/gradle-6.1.1-all/cfmwm155h49vnt3hynmlrsdst/gradle-6.1.1/lib/plugins/gradle-ide-play-6.1.1.jar
7fb4d53ea000-7fb4d53ec000 r--s 00011000 08:01 10650123                   /home/amir/.gradle/wrapper/dists/gradle-6.1.1-all/cfmwm155h49vnt3hynmlrsdst/gradle-6.1.1/lib/plugins/dd-plist-1.21.jar
7fb4d53ec000-7fb4d53f3000 r--s 00035000 08:01 10640132                   /home/amir/.gradle/wrapper/dists/gradle-6.1.1-all/cfmwm155h49vnt3hynmlrsdst/gradle-6.1.1/lib/plugins/gradle-ide-native-6.1.1.jar
7fb4d53f3000-7fb4d53fd000 r--s 00063000 08:01 10640811                   /home/amir/.gradle/wrapper/dists/gradle-6.1.1-all/cfmwm155h49vnt3hynmlrsdst/gradle-6.1.1/lib/plugins/gradle-ide-6.1.1.jar
7fb4d53fd000-7fb4d53ff000 r--s 00007000 08:01 10640823                   /home/amir/.gradle/wrapper/dists/gradle-6.1.1-all/cfmwm155h49vnt3hynmlrsdst/gradle-6.1.1/lib/plugins/gradle-ear-6.1.1.jar
7fb4d53ff000-7fb4d5403000 r--s 0001b000 08:01 10640117                   /home/amir/.gradle/wrapper/dists/gradle-6.1.1-all/cfmwm155h49vnt3hynmlrsdst/gradle-6.1.1/lib/plugins/gradle-code-quality-6.1.1.jar
7fb4d5403000-7fb4d5405000 r--s 0000b000 08:01 10650111                   /home/amir/.gradle/wrapper/dists/gradle-6.1.1-all/cfmwm155h49vnt3hynmlrsdst/gradle-6.1.1/lib/plugins/maven-plugin-api-3.0.4.jar
7fb4d5405000-7fb4d540b000 r--s 0003f000 08:01 10646809                   /home/amir/.gradle/wrapper/dists/gradle-6.1.1-all/cfmwm155h49vnt3hynmlrsdst/gradle-6.1.1/lib/plugins/maven-compat-3.0.4.jar
7fb4d540b000-7fb4d5413000 r--s 0003b000 08:01 10640914                   /home/amir/.gradle/wrapper/dists/gradle-6.1.1-all/cfmwm155h49vnt3hynmlrsdst/gradle-6.1.1/lib/plugins/gradle-build-init-6.1.1.jar
7fb4d5413000-7fb4d5414000 r--s 00003000 08:01 10646359                   /home/amir/.gradle/wrapper/dists/gradle-6.1.1-all/cfmwm155h49vnt3hynmlrsdst/gradle-6.1.1/lib/plugins/gradle-build-cache-http-6.1.1.jar
7fb4d5414000-7fb4d5416000 r--s 00009000 08:01 10639791                   /home/amir/.gradle/wrapper/dists/gradle-6.1.1-all/cfmwm155h49vnt3hynmlrsdst/gradle-6.1.1/lib/plugins/gradle-antlr-6.1.1.jar
7fb4d5416000-7fb4d541a000 r--s 0001f000 08:01 10640915                   /home/amir/.gradle/wrapper/dists/gradle-6.1.1-all/cfmwm155h49vnt3hynmlrsdst/gradle-6.1.1/lib/plugins/gradle-kotlin-dsl-tooling-builders-6.1.1.jar
7fb4d541a000-7fb4d541e000 r--s 00014000 08:01 10640910                   /home/amir/.gradle/wrapper/dists/gradle-6.1.1-all/cfmwm155h49vnt3hynmlrsdst/gradle-6.1.1/lib/plugins/gradle-ivy-6.1.1.jar
7fb4d541e000-7fb4d5420000 r--s 0000b000 08:01 10646342                   /home/amir/.gradle/wrapper/dists/gradle-6.1.1-all/cfmwm155h49vnt3hynmlrsdst/gradle-6.1.1/lib/plugins/gradle-publish-6.1.1.jar
7fb4d5420000-7fb4d5423000 r--s 0000c000 08:01 10646840                   /home/amir/.gradle/wrapper/dists/gradle-6.1.1-all/cfmwm155h49vnt3hynmlrsdst/gradle-6.1.1/lib/plugins/pmaven-groovy-0.8-20100325.jar
7fb4d5423000-7fb4d5424000 r--s 00004000 08:01 10646814                   /home/amir/.gradle/wrapper/dists/gradle-6.1.1-all/cfmwm155h49vnt3hynmlrsdst/gradle-6.1.1/lib/plugins/pmaven-common-0.8-20100325.jar
7fb4d5424000-7fb4d5428000 r--s 00021000 08:01 10650748                   /home/amir/.gradle/wrapper/dists/gradle-6.1.1-all/cfmwm155h49vnt3hynmlrsdst/gradle-6.1.1/lib/plugins/xbean-reflect-3.7.jar
7fb4d5428000-7fb4d542f000 r--s 00032000 08:01 10650098                   /home/amir/.gradle/wrapper/dists/gradle-6.1.1-all/cfmwm155h49vnt3hynmlrsdst/gradle-6.1.1/lib/plugins/plexus-container-default-1.7.1.jar
7fb4d542f000-7fb4d5430000 r--s 00008000 08:01 10646366                   /home/amir/.gradle/wrapper/dists/gradle-6.1.1-all/cfmwm155h49vnt3hynmlrsdst/gradle-6.1.1/lib/plugins/wagon-http-shared-3.0.0.jar
7fb4d5430000-7fb4d5431000 r--s 00002000 08:01 10646365                   /home/amir/.gradle/wrapper/dists/gradle-6.1.1-all/cfmwm155h49vnt3hynmlrsdst/gradle-6.1.1/lib/plugins/wagon-http-3.0.0.jar
7fb4d5431000-7fb4d5432000 r--s 00002000 08:01 10646841                   /home/amir/.gradle/wrapper/dists/gradle-6.1.1-all/cfmwm155h49vnt3hynmlrsdst/gradle-6.1.1/lib/plugins/wagon-file-3.0.0.jar
7fb4d5432000-7fb4d5435000 r--s 0000a000 08:01 10650743                   /home/amir/.gradle/wrapper/dists/gradle-6.1.1-all/cfmwm155h49vnt3hynmlrsdst/gradle-6.1.1/lib/plugins/plexus-classworlds-2.5.1.jar
7fb4d5435000-7fb4d5437000 r--s 0000c000 08:01 10650746                   /home/amir/.gradle/wrapper/dists/gradle-6.1.1-all/cfmwm155h49vnt3hynmlrsdst/gradle-6.1.1/lib/plugins/wagon-provider-api-3.0.0.jar
7fb4d5437000-7fb4d5439000 r--s 00006000 08:01 10650099                   /home/amir/.gradle/wrapper/dists/gradle-6.1.1-all/cfmwm155h49vnt3hynmlrsdst/gradle-6.1.1/lib/plugins/aether-connector-wagon-1.13.1.jar
7fb4d5439000-7fb4d5440000 r--s 00032000 08:01 10640152                   /home/amir/.gradle/wrapper/dists/gradle-6.1.1-all/cfmwm155h49vnt3hynmlrsdst/gradle-6.1.1/lib/plugins/gradle-maven-6.1.1.jar
7fb4d5440000-7fb4d5442000 r--s 0000d000 08:01 10640151                   /home/amir/.gradle/wrapper/dists/gradle-6.1.1-all/cfmwm155h49vnt3hynmlrsdst/gradle-6.1.1/lib/plugins/gradle-plugin-development-6.1.1.jar
7fb4d5442000-7fb4d5448000 r--s 0003d000 08:01 10650122                   /home/amir/.gradle/wrapper/dists/gradle-6.1.1-all/cfmwm155h49vnt3hynmlrsdst/gradle-6.1.1/lib/plugins/snakeyaml-1.17.jar
7fb4d5448000-7fb4d544a000 r--s 0000f000 08:01 10650733                   /home/amir/.gradle/wrapper/dists/gradle-6.1.1-all/cfmwm155h49vnt3hynmlrsdst/gradle-6.1.1/lib/plugins/jcommander-1.72.jar
7fb4d544a000-7fb4d5453000 r--s 00089000 08:01 10650119                   /home/amir/.gradle/wrapper/dists/gradle-6.1.1-all/cfmwm155h49vnt3hynmlrsdst/gradle-6.1.1/lib/plugins/testng-6.3.1.jar
7fb4d5453000-7fb4d5455000 r--s 00009000 08:01 10650731                   /home/amir/.gradle/wrapper/dists/gradle-6.1.1-all/cfmwm155h49vnt3hynmlrsdst/gradle-6.1.1/lib/plugins/hamcrest-core-1.3.jar
7fb4d5455000-7fb4d545d000 r--s 00045000 08:01 10650131                   /home/amir/.gradle/wrapper/dists/gradle-6.1.1-all/cfmwm155h49vnt3hynmlrsdst/gradle-6.1.1/lib/plugins/junit-4.12.jar
7fb4d545d000-7fb4d5462000 r--s 0005a000 08:01 10650132                   /home/amir/.gradle/wrapper/dists/gradle-6.1.1-all/cfmwm155h49vnt3hynmlrsdst/gradle-6.1.1/lib/plugins/bsh-2.0b6.jar
7fb4d5462000-7fb4d5466000 r--s 0001c000 08:01 10644023                   /home/amir/.gradle/wrapper/dists/gradle-6.1.1-all/cfmwm155h49vnt3hynmlrsdst/gradle-6.1.1/lib/plugins/gradle-testing-jvm-6.1.1.jar
7fb4d5466000-7fb4d546e000 r--s 00034000 08:01 10645645                   /home/amir/.gradle/wrapper/dists/gradle-6.1.1-all/cfmwm155h49vnt3hynmlrsdst/gradle-6.1.1/lib/plugins/gradle-testing-base-6.1.1.jar
7fb4d546e000-7fb4d5470000 r--s 0000f000 08:01 10640925                   /home/amir/.gradle/wrapper/dists/gradle-6.1.1-all/cfmwm155h49vnt3hynmlrsdst/gradle-6.1.1/lib/plugins/gradle-language-groovy-6.1.1.jar
7fb4d5470000-7fb4d5478000 r--s 00045000 08:01 10644073                   /home/amir/.gradle/wrapper/dists/gradle-6.1.1-all/cfmwm155h49vnt3hynmlrsdst/gradle-6.1.1/lib/plugins/gradle-language-java-6.1.1.jar
7fb4d5478000-7fb4d547a000 r--s 00006000 08:01 10645637                   /home/amir/.gradle/wrapper/dists/gradle-6.1.1-all/cfmwm155h49vnt3hynmlrsdst/gradle-6.1.1/lib/plugins/gradle-language-jvm-6.1.1.jar
7fb4d547a000-7fb4d5481000 r--s 00040000 08:01 10645644                   /home/amir/.gradle/wrapper/dists/gradle-6.1.1-all/cfmwm155h49vnt3hynmlrsdst/gradle-6.1.1/lib/plugins/gradle-diagnostics-6.1.1.jar
7fb4d5481000-7fb4d5485000 r--s 0001b000 08:01 10645640                   /home/amir/.gradle/wrapper/dists/gradle-6.1.1-all/cfmwm155h49vnt3hynmlrsdst/gradle-6.1.1/lib/plugins/gradle-platform-jvm-6.1.1.jar
7fb4d5485000-7fb4d548c000 r--s 00029000 08:01 10646345                   /home/amir/.gradle/wrapper/dists/gradle-6.1.1-all/cfmwm155h49vnt3hynmlrsdst/gradle-6.1.1/lib/plugins/gradle-platform-base-6.1.1.jar
7fb4d548c000-7fb4d548e000 r--s 00006000 08:01 10650110                   /home/amir/.gradle/wrapper/dists/gradle-6.1.1-all/cfmwm155h49vnt3hynmlrsdst/gradle-6.1.1/lib/plugins/jatl-0.2.3.jar
7fb4d548e000-7fb4d5490000 r--s 00010000 08:01 10646341                   /home/amir/.gradle/wrapper/dists/gradle-6.1.1-all/cfmwm155h49vnt3hynmlrsdst/gradle-6.1.1/lib/plugins/gradle-reporting-6.1.1.jar
7fb4d5490000-7fb4d5497000 r--s 00042000 08:01 10640918                   /home/amir/.gradle/wrapper/dists/gradle-6.1.1-all/cfmwm155h49vnt3hynmlrsdst/gradle-6.1.1/lib/plugins/gradle-plugins-6.1.1.jar
7fb4d5497000-7fb4d549c000 r--s 0002c000 08:01 10640145                   /home/amir/.gradle/wrapper/dists/gradle-6.1.1-all/cfmwm155h49vnt3hynmlrsdst/gradle-6.1.1/lib/plugins/gradle-kotlin-dsl-provider-plugins-6.1.1.jar
7fb4d549c000-7fb4d549d000 r--s 00000000 08:01 10530497                   /home/amir/.gradle/wrapper/dists/gradle-6.1.1-all/cfmwm155h49vnt3hynmlrsdst/gradle-6.1.1/lib/gradle-runtime-api-info-6.1.1.jar
7fb4d549d000-7fb4d549e000 r--s 00000000 08:01 10530506                   /home/amir/.gradle/wrapper/dists/gradle-6.1.1-all/cfmwm155h49vnt3hynmlrsdst/gradle-6.1.1/lib/gradle-installation-beacon-6.1.1.jar
7fb4d549e000-7fb4d54a0000 r--s 00006000 08:01 10650738                   /home/amir/.gradle/wrapper/dists/gradle-6.1.1-all/cfmwm155h49vnt3hynmlrsdst/gradle-6.1.1/lib/plugins/maven-repository-metadata-3.0.4.jar
7fb4d54a0000-7fb4d54a2000 r--s 0000c000 08:01 10650606                   /home/amir/.gradle/wrapper/dists/gradle-6.1.1-all/cfmwm155h49vnt3hynmlrsdst/gradle-6.1.1/lib/plugins/maven-aether-provider-3.0.4.jar
7fb4d54a2000-7fb4d54a3000 r--s 00003000 08:01 10650729                   /home/amir/.gradle/wrapper/dists/gradle-6.1.1-all/cfmwm155h49vnt3hynmlrsdst/gradle-6.1.1/lib/plugins/aether-spi-1.13.1.jar
7fb4d54a3000-7fb4d54a6000 r--s 0001d000 08:01 10650607                   /home/amir/.gradle/wrapper/dists/gradle-6.1.1-all/cfmwm155h49vnt3hynmlrsdst/gradle-6.1.1/lib/plugins/aether-impl-1.13.1.jar
7fb4d54a6000-7fb4d54aa000 r--s 0001c000 08:01 10650728                   /home/amir/.gradle/wrapper/dists/gradle-6.1.1-all/cfmwm155h49vnt3hynmlrsdst/gradle-6.1.1/lib/plugins/aether-util-1.13.1.jar
7fb4d54aa000-7fb4d54ad000 r--s 00013000 08:01 10650730                   /home/amir/.gradle/wrapper/dists/gradle-6.1.1-all/cfmwm155h49vnt3hynmlrsdst/gradle-6.1.1/lib/plugins/aether-api-1.13.1.jar
7fb4d54ad000-7fb4d54af000 r--s 0000b000 08:01 10650735                   /home/amir/.gradle/wrapper/dists/gradle-6.1.1-all/cfmwm155h49vnt3hynmlrsdst/gradle-6.1.1/lib/plugins/maven-artifact-3.0.4.jar
7fb4d54af000-7fb4d54b3000 r--s 00021000 08:01 10650736                   /home/amir/.gradle/wrapper/dists/gradle-6.1.1-all/cfmwm155h49vnt3hynmlrsdst/gradle-6.1.1/lib/plugins/maven-model-builder-3.0.4.jar
7fb4d54b3000-7fb4d54b5000 r--s 00026000 08:01 10650737                   /home/amir/.gradle/wrapper/dists/gradle-6.1.1-all/cfmwm155h49vnt3hynmlrsdst/gradle-6.1.1/lib/plugins/maven-model-3.0.4.jar
7fb4d54b5000-7fb4d54b7000 r--s 0000a000 08:01 10650740                   /home/amir/.gradle/wrapper/dists/gradle-6.1.1-all/cfmwm155h49vnt3hynmlrsdst/gradle-6.1.1/lib/plugins/maven-settings-3.0.4.jar
7fb4d54b7000-7fb4d54b9000 r--s 00002000 08:01 10650742                   /home/amir/.gradle/wrapper/dists/gradle-6.1.1-all/cfmwm155h49vnt3hynmlrsdst/gradle-6.1.1/lib/plugins/plexus-cipher-1.7.jar
7fb4d54b9000-7fb4d54ba000 r--s 00006000 08:01 10650741                   /home/amir/.gradle/wrapper/dists/gradle-6.1.1-all/cfmwm155h49vnt3hynmlrsdst/gradle-6.1.1/lib/plugins/plexus-sec-dispatcher-1.3.jar
7fb4d54ba000-7fb4d54bc000 r--s 00000000 08:01 10650744                   /home/amir/.gradle/wrapper/dists/gradle-6.1.1-all/cfmwm155h49vnt3hynmlrsdst/gradle-6.1.1/lib/plugins/plexus-component-annotations-1.5.5.jar
7fb4d54bc000-7fb4d54be000 r--s 0000d000 08:01 10650745                   /home/amir/.gradle/wrapper/dists/gradle-6.1.1-all/cfmwm155h49vnt3hynmlrsdst/gradle-6.1.1/lib/plugins/plexus-interpolation-1.14.jar
7fb4d54be000-7fb4d54c2000 r--s 0003c000 08:01 10650747                   /home/amir/.gradle/wrapper/dists/gradle-6.1.1-all/cfmwm155h49vnt3hynmlrsdst/gradle-6.1.1/lib/plugins/plexus-utils-3.1.0.jar
7fb4d54c2000-7fb4d54c5000 r--s 00008000 08:01 10650739                   /home/amir/.gradle/wrapper/dists/gradle-6.1.1-all/cfmwm155h49vnt3hynmlrsdst/gradle-6.1.1/lib/plugins/maven-settings-builder-3.0.4.jar
7fb4d54c5000-7fb4d54d1000 r--s 0007d000 08:01 10646812                   /home/amir/.gradle/wrapper/dists/gradle-6.1.1-all/cfmwm155h49vnt3hynmlrsdst/gradle-6.1.1/lib/plugins/maven-core-3.0.4.jar
7fb4d54d1000-7fb4d54e6000 r--s 00116000 08:01 10646808                   /home/amir/.gradle/wrapper/dists/gradle-6.1.1-all/cfmwm155h49vnt3hynmlrsdst/gradle-6.1.1/lib/plugins/ivy-2.3.0.jar
7fb4d54e6000-7fb4d54eb000 r--s 00036000 08:01 10650106                   /home/amir/.gradle/wrapper/dists/gradle-6.1.1-all/cfmwm155h49vnt3hynmlrsdst/gradle-6.1.1/lib/plugins/gson-2.8.5.jar
7fb4d54eb000-7fb4d54ec000 r--s 00013000 08:01 10646805                   /home/amir/.gradle/wrapper/dists/gradle-6.1.1-all/cfmwm155h49vnt3hynmlrsdst/gradle-6.1.1/lib/plugins/asm-util-7.1.jar
7fb4d54ec000-7fb4d5524000 r--s 001f6000 08:01 10646354                   /home/amir/.gradle/wrapper/dists/gradle-6.1.1-all/cfmwm155h49vnt3hynmlrsdst/gradle-6.1.1/lib/plugins/gradle-dependency-management-6.1.1.jar
7fb4d5524000-7fb4d553d000 r--s 0013a000 08:01 10650148                   /home/amir/.gradle/wrapper/dists/gradle-6.1.1-all/cfmwm155h49vnt3hynmlrsdst/gradle-6.1.1/lib/plugins/xercesImpl-2.12.0.jar
7fb4d553d000-7fb4d553f000 r--s 0001d000 08:01 10650147                   /home/amir/.gradle/wrapper/dists/gradle-6.1.1-all/cfmwm155h49vnt3hynmlrsdst/gradle-6.1.1/lib/plugins/nekohtml-1.9.22.jar
7fb4d553f000-7fb4d5545000 r--s 0005b000 08:01 10650144                   /home/amir/.gradle/wrapper/dists/gradle-6.1.1-all/cfmwm155h49vnt3hynmlrsdst/gradle-6.1.1/lib/plugins/jcifs-1.3.17.jar
7fb4d5545000-7fb4d5548000 r--s 0000e000 08:01 10646360                   /home/amir/.gradle/wrapper/dists/gradle-6.1.1-all/cfmwm155h49vnt3hynmlrsdst/gradle-6.1.1/lib/plugins/gradle-resources-http-6.1.1.jar
7fb4d5548000-7fb4d554b000 r--s 0000c000 08:01 10646356                   /home/amir/.gradle/wrapper/dists/gradle-6.1.1-all/cfmwm155h49vnt3hynmlrsdst/gradle-6.1.1/lib/plugins/gradle-plugin-use-6.1.1.jar
7fb4d554b000-7fb4d554f000 r--s 00041000 08:01 10650151                   /home/amir/.gradle/wrapper/dists/gradle-6.1.1-all/cfmwm155h49vnt3hynmlrsdst/gradle-6.1.1/lib/plugins/jsch-0.1.55.jar
7fb4d554f000-7fb4d5563000 r--s 000c0000 08:01 10650603                   /home/amir/.gradle/wrapper/dists/gradle-6.1.1-all/cfmwm155h49vnt3hynmlrsdst/gradle-6.1.1/lib/plugins/bcpkix-jdk15on-1.61.jar
7fb4d5563000-7fb4d556b000 r--s 00048000 08:01 10650102                   /home/amir/.gradle/wrapper/dists/gradle-6.1.1-all/cfmwm155h49vnt3hynmlrsdst/gradle-6.1.1/lib/plugins/bcpg-jdk15on-1.63.jar
7fb4d556b000-7fb4d55cc000 r--s 0042a000 08:01 10650604                   /home/amir/.gradle/wrapper/dists/gradle-6.1.1-all/cfmwm155h49vnt3hynmlrsdst/gradle-6.1.1/lib/plugins/bcprov-jdk15on-1.63.jar
7fb4d55cc000-7fb4d55ce000 r--s 00010000 08:01 10650734                   /home/amir/.gradle/wrapper/dists/gradle-6.1.1-all/cfmwm155h49vnt3hynmlrsdst/gradle-6.1.1/lib/plugins/jzlib-1.1.3.jar
7fb4d55ce000-7fb4d55f3000 r--s 00281000 08:01 10646364                   /home/amir/.gradle/wrapper/dists/gradle-6.1.1-all/cfmwm155h49vnt3hynmlrsdst/gradle-6.1.1/lib/plugins/org.eclipse.jgit-5.5.0.201909110433-r.jar
7fb4d55f3000-7fb4d55fa000 r--s 0004e000 08:01 10650605                   /home/amir/.gradle/wrapper/dists/gradle-6.1.1-all/cfmwm155h49vnt3hynmlrsdst/gradle-6.1.1/lib/plugins/commons-codec-1.13.jar
7fb4d55fa000-7fb4d5602000 r--s 00049000 08:01 10650732                   /home/amir/.gradle/wrapper/dists/gradle-6.1.1-all/cfmwm155h49vnt3hynmlrsdst/gradle-6.1.1/lib/plugins/httpcore-4.4.12.jar
7fb4d5602000-7fb4d560f000 r--s 000b1000 08:01 10650143                   /home/amir/.gradle/wrapper/dists/gradle-6.1.1-all/cfmwm155h49vnt3hynmlrsdst/gradle-6.1.1/lib/plugins/httpclient-4.5.10.jar
7fb4d560f000-7fb4d5612000 r--p 00000000 08:01 3423238                    /usr/lib/x86_64-linux-gnu/libgcc_s.so.1
7fb4d5612000-7fb4d5623000 r-xp 00003000 08:01 3423238                    /usr/lib/x86_64-linux-gnu/libgcc_s.so.1
7fb4d5623000-7fb4d5627000 r--p 00014000 08:01 3423238                    /usr/lib/x86_64-linux-gnu/libgcc_s.so.1
7fb4d5627000-7fb4d5628000 r--p 00017000 08:01 3423238                    /usr/lib/x86_64-linux-gnu/libgcc_s.so.1
7fb4d5628000-7fb4d5629000 rw-p 00018000 08:01 3423238                    /usr/lib/x86_64-linux-gnu/libgcc_s.so.1
7fb4d5629000-7fb4d56c6000 r--p 00000000 08:01 3423531                    /usr/lib/x86_64-linux-gnu/libstdc++.so.6.0.27
7fb4d56c6000-7fb4d57c8000 r-xp 0009d000 08:01 3423531                    /usr/lib/x86_64-linux-gnu/libstdc++.so.6.0.27
7fb4d57c8000-7fb4d5817000 r--p 0019f000 08:01 3423531                    /usr/lib/x86_64-linux-gnu/libstdc++.so.6.0.27
7fb4d5817000-7fb4d5818000 ---p 001ee000 08:01 3423531                    /usr/lib/x86_64-linux-gnu/libstdc++.so.6.0.27
7fb4d5818000-7fb4d5823000 r--p 001ee000 08:01 3423531                    /usr/lib/x86_64-linux-gnu/libstdc++.so.6.0.27
7fb4d5823000-7fb4d5826000 rw-p 001f9000 08:01 3423531                    /usr/lib/x86_64-linux-gnu/libstdc++.so.6.0.27
7fb4d5826000-7fb4d5829000 rw-p 00000000 00:00 0 
7fb4d5829000-7fb4d582c000 r--s 0000c000 08:01 10646353                   /home/amir/.gradle/wrapper/dists/gradle-6.1.1-all/cfmwm155h49vnt3hynmlrsdst/gradle-6.1.1/lib/plugins/gradle-version-control-6.1.1.jar
7fb4d582c000-7fb4d582f000 r--s 0000d000 08:01 10646355                   /home/amir/.gradle/wrapper/dists/gradle-6.1.1-all/cfmwm155h49vnt3hynmlrsdst/gradle-6.1.1/lib/plugins/gradle-composite-builds-6.1.1.jar
7fb4d582f000-7fb4d5834000 r--s 0001d000 08:01 10646363                   /home/amir/.gradle/wrapper/dists/gradle-6.1.1-all/cfmwm155h49vnt3hynmlrsdst/gradle-6.1.1/lib/plugins/gradle-workers-6.1.1.jar
7fb4d5834000-7fb4d583a000 r-xp 00000000 08:01 6441365                    /home/amir/.gradle/native/31/linux-amd64/libnative-platform.so
7fb4d583a000-7fb4d5a39000 ---p 00006000 08:01 6441365                    /home/amir/.gradle/native/31/linux-amd64/libnative-platform.so
7fb4d5a39000-7fb4d5a3a000 rw-p 00005000 08:01 6441365                    /home/amir/.gradle/native/31/linux-amd64/libnative-platform.so
7fb4d5a3a000-7fb4d5a3d000 r--s 00008000 08:01 10530501                   /home/amir/.gradle/wrapper/dists/gradle-6.1.1-all/cfmwm155h49vnt3hynmlrsdst/gradle-6.1.1/lib/gradle-build-events-6.1.1.jar
7fb4d5a3d000-7fb4d5a48000 r--s 00081000 08:01 10531023                   /home/amir/.gradle/wrapper/dists/gradle-6.1.1-all/cfmwm155h49vnt3hynmlrsdst/gradle-6.1.1/lib/trove4j-1.0.20181211.jar
7fb4d5a48000-7fb4d5a5f000 r--s 00109000 08:01 10531032                   /home/amir/.gradle/wrapper/dists/gradle-6.1.1-all/cfmwm155h49vnt3hynmlrsdst/gradle-6.1.1/lib/kotlin-daemon-embeddable-1.3.61.jar
7fb4d5a5f000-7fb4d5a61000 r--s 00009000 08:01 10531031                   /home/amir/.gradle/wrapper/dists/gradle-6.1.1-all/cfmwm155h49vnt3hynmlrsdst/gradle-6.1.1/lib/kotlin-script-runtime-1.3.61.jar
7fb4d5a61000-7fb4d5a9b000 r--s 00283000 08:01 10531025                   /home/amir/.gradle/wrapper/dists/gradle-6.1.1-all/cfmwm155h49vnt3hynmlrsdst/gradle-6.1.1/lib/kotlin-reflect-1.3.61.jar
7fb4d5a9b000-7fb4d5ce3000 r--s 022ac000 08:01 10530990                   /home/amir/.gradle/wrapper/dists/gradle-6.1.1-all/cfmwm155h49vnt3hynmlrsdst/gradle-6.1.1/lib/kotlin-compiler-embeddable-1.3.61-patched-for-gradle-6.1.1.jar
7fb4d5ce3000-7fb4d5ce4000 r--s 00000000 08:01 10530989                   /home/amir/.gradle/wrapper/dists/gradle-6.1.1-all/cfmwm155h49vnt3hynmlrsdst/gradle-6.1.1/lib/gradle-kotlin-dsl-tooling-models-6.1.1.jar
7fb4d5ce4000-7fb4d5ce5000 r--s 00007000 08:01 10530505                   /home/amir/.gradle/wrapper/dists/gradle-6.1.1-all/cfmwm155h49vnt3hynmlrsdst/gradle-6.1.1/lib/gradle-wrapper-6.1.1.jar
7fb4d5ce5000-7fb4d5cf5000 r--s 0004f000 08:01 10530502                   /home/amir/.gradle/wrapper/dists/gradle-6.1.1-all/cfmwm155h49vnt3hynmlrsdst/gradle-6.1.1/lib/gradle-tooling-api-6.1.1.jar
7fb4d5cf5000-7fb4d5d05000 r--s 0026b000 08:01 10531015                   /home/amir/.gradle/wrapper/dists/gradle-6.1.1-all/cfmwm155h49vnt3hynmlrsdst/gradle-6.1.1/lib/kotlinx-metadata-jvm-0.1.0.jar
7fb4d5d05000-7fb4d5d06000 r--s 00002000 08:01 10531014                   /home/amir/.gradle/wrapper/dists/gradle-6.1.1-all/cfmwm155h49vnt3hynmlrsdst/gradle-6.1.1/lib/kotlin-sam-with-receiver-compiler-plugin-1.3.61.jar
7fb4d5d06000-7fb4d5d0d000 r--s 00042000 08:01 10531013                   /home/amir/.gradle/wrapper/dists/gradle-6.1.1-all/cfmwm155h49vnt3hynmlrsdst/gradle-6.1.1/lib/kotlin-scripting-compiler-impl-embeddable-1.3.61.jar
7fb4d5d0d000-7fb4d5d14000 r--s 00040000 08:01 10531012                   /home/amir/.gradle/wrapper/dists/gradle-6.1.1-all/cfmwm155h49vnt3hynmlrsdst/gradle-6.1.1/lib/kotlin-scripting-compiler-embeddable-1.3.61.jar
7fb4d5d14000-7fb4d5d17000 r--s 00019000 08:01 10531011                   /home/amir/.gradle/wrapper/dists/gradle-6.1.1-all/cfmwm155h49vnt3hynmlrsdst/gradle-6.1.1/lib/kotlin-scripting-jvm-host-embeddable-1.3.61.jar
7fb4d5d17000-7fb4d5d1a000 r--s 00027000 08:01 10531010                   /home/amir/.gradle/wrapper/dists/gradle-6.1.1-all/cfmwm155h49vnt3hynmlrsdst/gradle-6.1.1/lib/kotlin-scripting-jvm-1.3.61.jar
7fb4d5d1a000-7fb4d5d1f000 r--s 00026000 08:01 10531009                   /home/amir/.gradle/wrapper/dists/gradle-6.1.1-all/cfmwm155h49vnt3hynmlrsdst/gradle-6.1.1/lib/kotlin-scripting-common-1.3.61.jar
7fb4d5d1f000-7fb4d5d20000 r--s 00000000 08:01 10531026                   /home/amir/.gradle/wrapper/dists/gradle-6.1.1-all/cfmwm155h49vnt3hynmlrsdst/gradle-6.1.1/lib/kotlin-stdlib-jdk7-1.3.61.jar
7fb4d5d20000-7fb4d5d21000 r--s 00003000 08:01 10531007                   /home/amir/.gradle/wrapper/dists/gradle-6.1.1-all/cfmwm155h49vnt3hynmlrsdst/gradle-6.1.1/lib/kotlin-stdlib-jdk8-1.3.61.jar
7fb4d5d21000-7fb4d5d3e000 r--s 00176000 08:01 10530498                   /home/amir/.gradle/wrapper/dists/gradle-6.1.1-all/cfmwm155h49vnt3hynmlrsdst/gradle-6.1.1/lib/gradle-kotlin-dsl-6.1.1.jar
7fb4d5d3e000-7fb4d5d40000 r--s 00005000 08:01 10530976                   /home/amir/.gradle/wrapper/dists/gradle-6.1.1-all/cfmwm155h49vnt3hynmlrsdst/gradle-6.1.1/lib/gradle-worker-processes-6.1.1.jar
7fb4d5d40000-7fb4d5d46000 r--s 0002d000 08:01 10530970                   /home/amir/.gradle/wrapper/dists/gradle-6.1.1-all/cfmwm155h49vnt3hynmlrsdst/gradle-6.1.1/lib/gradle-execution-6.1.1.jar
7fb4d5d46000-7fb4d5d48000 r--s 00007000 08:01 10530969                   /home/amir/.gradle/wrapper/dists/gradle-6.1.1-all/cfmwm155h49vnt3hynmlrsdst/gradle-6.1.1/lib/gradle-model-groovy-6.1.1.jar
7fb4d5d48000-7fb4d5d4a000 r--s 00000000 08:01 10530978                   /home/amir/.gradle/wrapper/dists/gradle-6.1.1-all/cfmwm155h49vnt3hynmlrsdst/gradle-6.1.1/lib/gradle-jvm-services-6.1.1.jar
7fb4d5d4a000-7fb4d5d4c000 r--s 00006000 08:01 10530972                   /home/amir/.gradle/wrapper/dists/gradle-6.1.1-all/cfmwm155h49vnt3hynmlrsdst/gradle-6.1.1/lib/gradle-build-cache-packaging-6.1.1.jar
7fb4d5d4c000-7fb4d5d50000 r--s 0000e000 08:01 10530973                   /home/amir/.gradle/wrapper/dists/gradle-6.1.1-all/cfmwm155h49vnt3hynmlrsdst/gradle-6.1.1/lib/gradle-build-cache-6.1.1.jar
7fb4d5d50000-7fb4d5d51000 r--s 00005000 08:01 10530993                   /home/amir/.gradle/wrapper/dists/gradle-6.1.1-all/cfmwm155h49vnt3hynmlrsdst/gradle-6.1.1/lib/gradle-docs-6.1.1.jar
7fb4d5d51000-7fb4d5d5a000 r--s 0002d000 08:01 10531024                   /home/amir/.gradle/wrapper/dists/gradle-6.1.1-all/cfmwm155h49vnt3hynmlrsdst/gradle-6.1.1/lib/xml-apis-1.4.01.jar
7fb4d5d5a000-7fb4d5d66000 r--s 0008b000 08:01 10531016                   /home/amir/.gradle/wrapper/dists/gradle-6.1.1-all/cfmwm155h49vnt3hynmlrsdst/gradle-6.1.1/lib/commons-compress-1.19.jar
7fb4d5d66000-7fb4d5d68000 r--s 00007000 08:01 10531003                   /home/amir/.gradle/wrapper/dists/gradle-6.1.1-all/cfmwm155h49vnt3hynmlrsdst/gradle-6.1.1/lib/asm-analysis-7.1.jar
7fb4d5d68000-7fb4d5d6a000 r--s 0000b000 08:01 10531004                   /home/amir/.gradle/wrapper/dists/gradle-6.1.1-all/cfmwm155h49vnt3hynmlrsdst/gradle-6.1.1/lib/asm-tree-7.1.jar
7fb4d5d6a000-7fb4d5d6c000 r--s 00010000 08:01 10531002                   /home/amir/.gradle/wrapper/dists/gradle-6.1.1-all/cfmwm155h49vnt3hynmlrsdst/gradle-6.1.1/lib/asm-commons-7.1.jar
7fb4d5d6c000-7fb4d5d71000 r--s 0001a000 08:01 10530987                   /home/amir/.gradle/wrapper/dists/gradle-6.1.1-all/cfmwm155h49vnt3hynmlrsdst/gradle-6.1.1/lib/gradle-snapshots-6.1.1.jar
7fb4d5d71000-7fb4d5d73000 r--s 00003000 08:01 10531028                   /home/amir/.gradle/wrapper/dists/gradle-6.1.1-all/cfmwm155h49vnt3hynmlrsdst/gradle-6.1.1/lib/annotations-13.0.jar
7fb4d5d73000-7fb4d5d7b000 r--s 00022000 08:01 10531034                   /home/amir/.gradle/wrapper/dists/gradle-6.1.1-all/cfmwm155h49vnt3hynmlrsdst/gradle-6.1.1/lib/kotlin-stdlib-common-1.3.61.jar
7fb4d5d7b000-7fb4d5d8f000 r--s 00131000 08:01 10531027                   /home/amir/.gradle/wrapper/dists/gradle-6.1.1-all/cfmwm155h49vnt3hynmlrsdst/gradle-6.1.1/lib/kotlin-stdlib-1.3.61.jar
7fb4d5d8f000-7fb4d5da8000 r--s 000de000 08:01 10530971                   /home/amir/.gradle/wrapper/dists/gradle-6.1.1-all/cfmwm155h49vnt3hynmlrsdst/gradle-6.1.1/lib/gradle-model-core-6.1.1.jar
7fb4d5da8000-7fb4d5dad000 r--s 00016000 08:01 10530980                   /home/amir/.gradle/wrapper/dists/gradle-6.1.1-all/cfmwm155h49vnt3hynmlrsdst/gradle-6.1.1/lib/gradle-resources-6.1.1.jar
7fb4d5dad000-7fb4d5db4000 r--s 00036000 08:01 10530975                   /home/amir/.gradle/wrapper/dists/gradle-6.1.1-all/cfmwm155h49vnt3hynmlrsdst/gradle-6.1.1/lib/gradle-persistent-cache-6.1.1.jar
7fb4d5db4000-7fb4d5db6000 r--s 00006000 08:01 10530983                   /home/amir/.gradle/wrapper/dists/gradle-6.1.1-all/cfmwm155h49vnt3hynmlrsdst/gradle-6.1.1/lib/gradle-base-services-groovy-6.1.1.jar
7fb4d5db6000-7fb4d5db7000 r--s 00000000 08:01 10531008                   /home/amir/.gradle/wrapper/dists/gradle-6.1.1-all/cfmwm155h49vnt3hynmlrsdst/gradle-6.1.1/lib/javax.inject-1.jar
7fb4d5db7000-7fb4d5dbc000 r--s 00021000 08:01 10530780                   /home/amir/.gradle/wrapper/dists/gradle-6.1.1-all/cfmwm155h49vnt3hynmlrsdst/gradle-6.1.1/lib/gradle-file-collections-6.1.1.jar
7fb4d5dbc000-7fb4d5dbe000 r--s 00006000 08:01 10530979                   /home/amir/.gradle/wrapper/dists/gradle-6.1.1-all/cfmwm155h49vnt3hynmlrsdst/gradle-6.1.1/lib/gradle-process-services-6.1.1.jar
7fb4d5dbe000-7fb4d5dc0000 r--s 00004000 08:01 10530996                   /home/amir/.gradle/wrapper/dists/gradle-6.1.1-all/cfmwm155h49vnt3hynmlrsdst/gradle-6.1.1/lib/log4j-over-slf4j-1.7.28.jar
7fb4d5dc0000-7fb4d5dc2000 r--s 00000000 08:01 10530995                   /home/amir/.gradle/wrapper/dists/gradle-6.1.1-all/cfmwm155h49vnt3hynmlrsdst/gradle-6.1.1/lib/jul-to-slf4j-1.7.28.jar
7fb4d5dc2000-7fb4d5dc4000 r--s 00003000 08:01 10530997                   /home/amir/.gradle/wrapper/dists/gradle-6.1.1-all/cfmwm155h49vnt3hynmlrsdst/gradle-6.1.1/lib/jcl-over-slf4j-1.7.28.jar
7fb4d5dc4000-7fb4d5dcc000 r--s 00038000 08:01 10530977                   /home/amir/.gradle/wrapper/dists/gradle-6.1.1-all/cfmwm155h49vnt3hynmlrsdst/gradle-6.1.1/lib/gradle-logging-6.1.1.jar
7fb4d5dcc000-7fb4d5dce000 r--s 00006000 08:01 10530988                   /home/amir/.gradle/wrapper/dists/gradle-6.1.1-all/cfmwm155h49vnt3hynmlrsdst/gradle-6.1.1/lib/gradle-files-6.1.1.jar
7fb4d5dce000-7fb4d5dcf000 r--s 00004000 08:01 10531035                   /home/amir/.gradle/wrapper/dists/gradle-6.1.1-all/cfmwm155h49vnt3hynmlrsdst/gradle-6.1.1/lib/native-platform-freebsd-amd64-libcpp-0.19.jar
7fb4d5dcf000-7fb4d5dd0000 r--s 00004000 08:01 10531036                   /home/amir/.gradle/wrapper/dists/gradle-6.1.1-all/cfmwm155h49vnt3hynmlrsdst/gradle-6.1.1/lib/native-platform-freebsd-amd64-libstdcpp-0.19.jar
7fb4d5dd0000-7fb4d5dd2000 r--s 00004000 08:01 10531037                   /home/amir/.gradle/wrapper/dists/gradle-6.1.1-all/cfmwm155h49vnt3hynmlrsdst/gradle-6.1.1/lib/native-platform-freebsd-i386-libcpp-0.19.jar
7fb4d5dd2000-7fb4d5dd3000 r--s 00004000 08:01 10531038                   /home/amir/.gradle/wrapper/dists/gradle-6.1.1-all/cfmwm155h49vnt3hynmlrsdst/gradle-6.1.1/lib/native-platform-freebsd-i386-libstdcpp-0.19.jar
7fb4d5dd3000-7fb4d5dd4000 r--s 00002000 08:01 10531039                   /home/amir/.gradle/wrapper/dists/gradle-6.1.1-all/cfmwm155h49vnt3hynmlrsdst/gradle-6.1.1/lib/native-platform-linux-aarch64-0.19.jar
7fb4d5dd4000-7fb4d5dd5000 r--s 00002000 08:01 10531040                   /home/amir/.gradle/wrapper/dists/gradle-6.1.1-all/cfmwm155h49vnt3hynmlrsdst/gradle-6.1.1/lib/native-platform-linux-amd64-0.19.jar
7fb4d5dd5000-7fb4d5dd6000 r--s 00002000 08:01 10531041                   /home/amir/.gradle/wrapper/dists/gradle-6.1.1-all/cfmwm155h49vnt3hynmlrsdst/gradle-6.1.1/lib/native-platform-linux-i386-0.19.jar
7fb4d5dd6000-7fb4d5dd7000 r--s 00003000 08:01 10531042                   /home/amir/.gradle/wrapper/dists/gradle-6.1.1-all/cfmwm155h49vnt3hynmlrsdst/gradle-6.1.1/lib/native-platform-osx-amd64-0.19.jar
7fb4d5dd7000-7fb4d5dd8000 r--s 00011000 08:01 10531043                   /home/amir/.gradle/wrapper/dists/gradle-6.1.1-all/cfmwm155h49vnt3hynmlrsdst/gradle-6.1.1/lib/native-platform-windows-amd64-0.19.jar
7fb4d5dd8000-7fb4d5dda000 r--s 00010000 08:01 10531044                   /home/amir/.gradle/wrapper/dists/gradle-6.1.1-all/cfmwm155h49vnt3hynmlrsdst/gradle-6.1.1/lib/native-platform-windows-amd64-min-0.19.jar
7fb4d5dda000-7fb4d5ddb000 r--s 0000f000 08:01 10531045                   /home/amir/.gradle/wrapper/dists/gradle-6.1.1-all/cfmwm155h49vnt3hynmlrsdst/gradle-6.1.1/lib/native-platform-windows-i386-0.19.jar
7fb4d5ddb000-7fb4d5ddc000 r--s 0000f000 08:01 10531046                   /home/amir/.gradle/wrapper/dists/gradle-6.1.1-all/cfmwm155h49vnt3hynmlrsdst/gradle-6.1.1/lib/native-platform-windows-i386-min-0.19.jar
7fb4d5ddc000-7fb4d5ddd000 r--s 00001000 08:01 10531047                   /home/amir/.gradle/wrapper/dists/gradle-6.1.1-all/cfmwm155h49vnt3hynmlrsdst/gradle-6.1.1/lib/native-platform-linux-aarch64-ncurses5-0.19.jar
7fb4d5ddd000-7fb4d5dde000 r--s 00002000 08:01 10531048                   /home/amir/.gradle/wrapper/dists/gradle-6.1.1-all/cfmwm155h49vnt3hynmlrsdst/gradle-6.1.1/lib/native-platform-linux-aarch64-ncurses6-0.19.jar
7fb4d5dde000-7fb4d5de0000 r--s 00001000 08:01 10531049                   /home/amir/.gradle/wrapper/dists/gradle-6.1.1-all/cfmwm155h49vnt3hynmlrsdst/gradle-6.1.1/lib/native-platform-linux-amd64-ncurses5-0.19.jar
7fb4d5de0000-7fb4d5de1000 r--s 00001000 08:01 10531050                   /home/amir/.gradle/wrapper/dists/gradle-6.1.1-all/cfmwm155h49vnt3hynmlrsdst/gradle-6.1.1/lib/native-platform-linux-amd64-ncurses6-0.19.jar
7fb4d5de1000-7fb4d5de2000 r--s 00001000 08:01 10531051                   /home/amir/.gradle/wrapper/dists/gradle-6.1.1-all/cfmwm155h49vnt3hynmlrsdst/gradle-6.1.1/lib/native-platform-linux-i386-ncurses5-0.19.jar
7fb4d5de2000-7fb4d5de3000 r--s 00001000 08:01 10531052                   /home/amir/.gradle/wrapper/dists/gradle-6.1.1-all/cfmwm155h49vnt3hynmlrsdst/gradle-6.1.1/lib/native-platform-linux-i386-ncurses6-0.19.jar
7fb4d5de3000-7fb4d5de8000 r--s 0001a000 08:01 10531021                   /home/amir/.gradle/wrapper/dists/gradle-6.1.1-all/cfmwm155h49vnt3hynmlrsdst/gradle-6.1.1/lib/native-platform-0.19.jar
7fb4d5de8000-7fb4d5dec000 r--s 00043000 08:01 10531018                   /home/amir/.gradle/wrapper/dists/gradle-6.1.1-all/cfmwm155h49vnt3hynmlrsdst/gradle-6.1.1/lib/jansi-1.18.jar
7fb4d5dec000-7fb4d5def000 r--s 0000d000 08:01 10530982                   /home/amir/.gradle/wrapper/dists/gradle-6.1.1-all/cfmwm155h49vnt3hynmlrsdst/gradle-6.1.1/lib/gradle-native-6.1.1.jar
7fb4d5def000-7fb4d5df0000 r--s 00003000 08:01 10530985                   /home/amir/.gradle/wrapper/dists/gradle-6.1.1-all/cfmwm155h49vnt3hynmlrsdst/gradle-6.1.1/lib/gradle-build-option-6.1.1.jar
7fb4d5df0000-7fb4d5df2000 r--s 0000c000 08:01 10531022                   /home/amir/.gradle/wrapper/dists/gradle-6.1.1-all/cfmwm155h49vnt3hynmlrsdst/gradle-6.1.1/lib/objenesis-2.6.jar
7fb4d5df2000-7fb4d5df4000 r--s 00000000 08:01 10531030                   /home/amir/.gradle/wrapper/dists/gradle-6.1.1-all/cfmwm155h49vnt3hynmlrsdst/gradle-6.1.1/lib/minlog-1.2.jar
7fb4d5df4000-7fb4d5dfa000 r--s 0004d000 08:01 10531020                   /home/amir/.gradle/wrapper/dists/gradle-6.1.1-all/cfmwm155h49vnt3hynmlrsdst/gradle-6.1.1/lib/kryo-2.24.0.jar
7fb4d5dfa000-7fb4d5e00000 r--s 0006d000 08:01 10531017                   /home/amir/.gradle/wrapper/dists/gradle-6.1.1-all/cfmwm155h49vnt3hynmlrsdst/gradle-6.1.1/lib/fastutil-8.3.0-min.jar
7fb4d5e00000-7fb4d5e07000 r--s 0002f000 08:01 10530981                   /home/amir/.gradle/wrapper/dists/gradle-6.1.1-all/cfmwm155h49vnt3hynmlrsdst/gradle-6.1.1/lib/gradle-messaging-6.1.1.jar
7fb4d5e07000-7fb4d5e09000 r--s 00005000 08:01 10530986                   /home/amir/.gradle/wrapper/dists/gradle-6.1.1-all/cfmwm155h49vnt3hynmlrsdst/gradle-6.1.1/lib/gradle-cli-6.1.1.jar
7fb4d5e09000-7fb4d5e0a000 r--s 00000000 08:01 10530992                   /home/amir/.gradle/wrapper/dists/gradle-6.1.1-all/cfmwm155h49vnt3hynmlrsdst/gradle-6.1.1/lib/gradle-pineapple-6.1.1.jar
7fb4d5e0a000-7fb4d5e0c000 r--s 00003000 08:01 10530991                   /home/amir/.gradle/wrapper/dists/gradle-6.1.1-all/cfmwm155h49vnt3hynmlrsdst/gradle-6.1.1/lib/gradle-hashing-6.1.1.jar
7fb4d5e0c000-7fb4d5e0e000 r--s 00003000 08:01 10531019                   /home/amir/.gradle/wrapper/dists/gradle-6.1.1-all/cfmwm155h49vnt3hynmlrsdst/gradle-6.1.1/lib/jsr305-3.0.2.jar
7fb4d5e0e000-7fb4d5e3e000 r--s 0024c000 08:01 10530999                   /home/amir/.gradle/wrapper/dists/gradle-6.1.1-all/cfmwm155h49vnt3hynmlrsdst/gradle-6.1.1/lib/guava-27.1-android.jar
7fb4d5e3e000-7fb4d5ebe000 r--s 00778000 08:01 10530994                   /home/amir/.gradle/wrapper/dists/gradle-6.1.1-all/cfmwm155h49vnt3hynmlrsdst/gradle-6.1.1/lib/groovy-all-1.3-2.5.8.jar
7fb4d5ebe000-7fb4d5ec3000 r--s 00041000 08:01 10531001                   /home/amir/.gradle/wrapper/dists/gradle-6.1.1-all/cfmwm155h49vnt3hynmlrsdst/gradle-6.1.1/lib/commons-lang-2.6.jar
7fb4d5ec3000-7fb4d5eff000 r--s 0020c000 08:01 10530779                   /home/amir/.gradle/wrapper/dists/gradle-6.1.1-all/cfmwm155h49vnt3hynmlrsdst/gradle-6.1.1/lib/gradle-core-6.1.1.jar
7fb4d5eff000-7fb4d5f00000 ---p 00000000 00:00 0 
7fb4d5f00000-7fb4d9000000 rw-p 00000000 00:00 0 
7fb4d9000000-7fb4d97d0000 rwxp 00000000 00:00 0 
7fb4d97d0000-7fb4e8000000 ---p 00000000 00:00 0 
7fb4e8000000-7fb4e937d000 rw-p 00000000 00:00 0 
7fb4e937d000-7fb4ec000000 ---p 00000000 00:00 0 
7fb4ec000000-7fb4ec002000 r--s 00009000 08:01 10530998                   /home/amir/.gradle/wrapper/dists/gradle-6.1.1-all/cfmwm155h49vnt3hynmlrsdst/gradle-6.1.1/lib/slf4j-api-1.7.28.jar
7fb4ec002000-7fb4ec004000 r--s 00000000 08:01 10531033                   /home/amir/.gradle/wrapper/dists/gradle-6.1.1-all/cfmwm155h49vnt3hynmlrsdst/gradle-6.1.1/lib/failureaccess-1.0.1.jar
7fb4ec004000-7fb4ec008000 r--s 00031000 08:01 10531000                   /home/amir/.gradle/wrapper/dists/gradle-6.1.1-all/cfmwm155h49vnt3hynmlrsdst/gradle-6.1.1/lib/commons-io-2.6.jar
7fb4ec008000-7fb4ec00a000 r--s 0001b000 08:01 10531005                   /home/amir/.gradle/wrapper/dists/gradle-6.1.1-all/cfmwm155h49vnt3hynmlrsdst/gradle-6.1.1/lib/asm-7.1.jar
7fb4ec00a000-7fb4ec02a000 r--s 00204000 08:01 10531006                   /home/amir/.gradle/wrapper/dists/gradle-6.1.1-all/cfmwm155h49vnt3hynmlrsdst/gradle-6.1.1/lib/ant-1.10.7.jar
7fb4ec02a000-7fb4ec039000 r--s 00045000 08:01 10530974                   /home/amir/.gradle/wrapper/dists/gradle-6.1.1-all/cfmwm155h49vnt3hynmlrsdst/gradle-6.1.1/lib/gradle-core-api-6.1.1.jar
7fb4ec039000-7fb4ec046000 r--s 00064000 08:01 10530984                   /home/amir/.gradle/wrapper/dists/gradle-6.1.1-all/cfmwm155h49vnt3hynmlrsdst/gradle-6.1.1/lib/gradle-base-services-6.1.1.jar
7fb4ec046000-7fb4ec05d000 r-xp 00000000 08:01 6837663                    /app/extra/android-studio/jre/jre/lib/amd64/libnet.so
7fb4ec05d000-7fb4ec05e000 r--p 00016000 08:01 6837663                    /app/extra/android-studio/jre/jre/lib/amd64/libnet.so
7fb4ec05e000-7fb4ec05f000 rw-p 00017000 08:01 6837663                    /app/extra/android-studio/jre/jre/lib/amd64/libnet.so
7fb4ec05f000-7fb4ec06f000 r-xp 00000000 08:01 6837684                    /app/extra/android-studio/jre/jre/lib/amd64/libnio.so
7fb4ec06f000-7fb4ec070000 ---p 00010000 08:01 6837684                    /app/extra/android-studio/jre/jre/lib/amd64/libnio.so
7fb4ec070000-7fb4ec071000 r--p 00010000 08:01 6837684                    /app/extra/android-studio/jre/jre/lib/amd64/libnio.so
7fb4ec071000-7fb4ec072000 rw-p 00011000 08:01 6837684                    /app/extra/android-studio/jre/jre/lib/amd64/libnio.so
7fb4ec072000-7fb4ec07f000 r--s 00067000 08:01 10530494                   /home/amir/.gradle/wrapper/dists/gradle-6.1.1-all/cfmwm155h49vnt3hynmlrsdst/gradle-6.1.1/lib/gradle-launcher-6.1.1.jar
7fb4ec07f000-7fb4ec082000 ---p 00000000 00:00 0 
7fb4ec082000-7fb4ec180000 rw-p 00000000 00:00 0 
7fb4ec180000-7fb4ec181000 ---p 00000000 00:00 0 
7fb4ec181000-7fb4ec184000 ---p 00000000 00:00 0 
7fb4ec184000-7fb4ec281000 rw-p 00000000 00:00 0 
7fb4ec281000-7fb4ec282000 ---p 00000000 00:00 0 
7fb4ec282000-7fb4ec285000 ---p 00000000 00:00 0 
7fb4ec285000-7fb4ec382000 rw-p 00000000 00:00 0 
7fb4ec382000-7fb4ec383000 ---p 00000000 00:00 0 
7fb4ec383000-7fb4ec386000 ---p 00000000 00:00 0 
7fb4ec386000-7fb4ec483000 rw-p 00000000 00:00 0 
7fb4ec483000-7fb4ec486000 ---p 00000000 00:00 0 
7fb4ec486000-7fb4ec584000 rw-p 00000000 00:00 0 
7fb4ec584000-7fb4ec5d7000 r--p 00000000 08:01 2920608                    /usr/lib/locale/en_IN/LC_CTYPE
7fb4ec5d7000-7fb4ec84f000 r--p 00000000 08:01 2920606                    /usr/lib/locale/en_IN/LC_COLLATE
7fb4ec84f000-7fb4ec852000 ---p 00000000 00:00 0 
7fb4ec852000-7fb4ec950000 rw-p 00000000 00:00 0 
7fb4ec950000-7fb4ec953000 ---p 00000000 00:00 0 
7fb4ec953000-7fb4eca51000 rw-p 00000000 00:00 0 
7fb4eca51000-7fb4eca52000 ---p 00000000 00:00 0 
7fb4eca52000-7fb4edb54000 rw-p 00000000 00:00 0 
7fb4edb54000-7fb4edd27000 r--s 03cdf000 08:01 6837700                    /app/extra/android-studio/jre/jre/lib/rt.jar
7fb4edd27000-7fb4ee93e000 rw-p 00000000 00:00 0 
7fb4ee93e000-7fb4ee93f000 ---p 00000000 00:00 0 
7fb4ee93f000-7fb4eea3f000 rw-p 00000000 00:00 0 
7fb4eea3f000-7fb4eea40000 ---p 00000000 00:00 0 
7fb4eea40000-7fb4eeb40000 rw-p 00000000 00:00 0 
7fb4eeb40000-7fb4eeb41000 ---p 00000000 00:00 0 
7fb4eeb41000-7fb4eec41000 rw-p 00000000 00:00 0 
7fb4eec41000-7fb4eec42000 ---p 00000000 00:00 0 
7fb4eec42000-7fb4eed64000 rw-p 00000000 00:00 0 
7fb4eed64000-7fb4eef42000 ---p 00000000 00:00 0 
7fb4eef42000-7fb4eef64000 rw-p 00000000 00:00 0 
7fb4eef64000-7fb4ef142000 ---p 00000000 00:00 0 
7fb4ef142000-7fb4ef1a9000 rw-p 00000000 00:00 0 
7fb4ef1a9000-7fb4ef242000 ---p 00000000 00:00 0 
7fb4ef242000-7fb4ef263000 rw-p 00000000 00:00 0 
7fb4ef263000-7fb4ef603000 ---p 00000000 00:00 0 
7fb4ef603000-7fb4ef61e000 r-xp 00000000 08:01 6837659                    /app/extra/android-studio/jre/jre/lib/amd64/libzip.so
7fb4ef61e000-7fb4ef61f000 r--p 0001a000 08:01 6837659                    /app/extra/android-studio/jre/jre/lib/amd64/libzip.so
7fb4ef61f000-7fb4ef620000 rw-p 0001b000 08:01 6837659                    /app/extra/android-studio/jre/jre/lib/amd64/libzip.so
7fb4ef620000-7fb4ef623000 r--p 00000000 08:01 3423427                    /usr/lib/x86_64-linux-gnu/libnss_files-2.30.so
7fb4ef623000-7fb4ef62a000 r-xp 00003000 08:01 3423427                    /usr/lib/x86_64-linux-gnu/libnss_files-2.30.so
7fb4ef62a000-7fb4ef62c000 r--p 0000a000 08:01 3423427                    /usr/lib/x86_64-linux-gnu/libnss_files-2.30.so
7fb4ef62c000-7fb4ef62d000 ---p 0000c000 08:01 3423427                    /usr/lib/x86_64-linux-gnu/libnss_files-2.30.so
7fb4ef62d000-7fb4ef62e000 r--p 0000c000 08:01 3423427                    /usr/lib/x86_64-linux-gnu/libnss_files-2.30.so
7fb4ef62e000-7fb4ef62f000 rw-p 0000d000 08:01 3423427                    /usr/lib/x86_64-linux-gnu/libnss_files-2.30.so
7fb4ef62f000-7fb4ef635000 rw-p 00000000 00:00 0 
7fb4ef635000-7fb4ef636000 r--s 00004000 08:01 10531029                   /home/amir/.gradle/wrapper/dists/gradle-6.1.1-all/cfmwm155h49vnt3hynmlrsdst/gradle-6.1.1/lib/ant-launcher-1.10.7.jar
7fb4ef636000-7fb4ef638000 r--s 00001000 08:01 10530762                   /home/amir/.gradle/wrapper/dists/gradle-6.1.1-all/cfmwm155h49vnt3hynmlrsdst/gradle-6.1.1/lib/gradle-bootstrap-6.1.1.jar
7fb4ef638000-7fb4ef639000 r--p 00000000 08:01 2900782                    /usr/lib/locale/en_IN/LC_NUMERIC
7fb4ef639000-7fb4ef63a000 r--p 00000000 08:01 3424348                    /usr/lib/locale/en_IN/LC_TIME
7fb4ef63a000-7fb4ef63b000 r--p 00000000 08:01 2901762                    /usr/lib/locale/en_IN/LC_MONETARY
7fb4ef63b000-7fb4ef63c000 r--p 00000000 08:01 2903620                    /usr/lib/locale/en_IN/LC_MESSAGES/SYS_LC_MESSAGES
7fb4ef63c000-7fb4ef63d000 r--p 00000000 08:01 2900642                    /usr/lib/locale/en_IN/LC_PAPER
7fb4ef63d000-7fb4ef63e000 r--p 00000000 08:01 3291981                    /usr/lib/locale/en_IN/LC_NAME
7fb4ef63e000-7fb4ef63f000 r--p 00000000 08:01 3291991                    /usr/lib/locale/en_IN/LC_ADDRESS
7fb4ef63f000-7fb4ef640000 r--p 00000000 08:01 2900689                    /usr/lib/locale/en_IN/LC_TELEPHONE
7fb4ef640000-7fb4ef668000 r-xp 00000000 08:01 6837667                    /app/extra/android-studio/jre/jre/lib/amd64/libjava.so
7fb4ef668000-7fb4ef669000 r--p 00027000 08:01 6837667                    /app/extra/android-studio/jre/jre/lib/amd64/libjava.so
7fb4ef669000-7fb4ef66b000 rw-p 00028000 08:01 6837667                    /app/extra/android-studio/jre/jre/lib/amd64/libjava.so
7fb4ef66b000-7fb4ef678000 r-xp 00000000 08:01 6837655                    /app/extra/android-studio/jre/jre/lib/amd64/libverify.so
7fb4ef678000-7fb4ef67a000 r--p 0000c000 08:01 6837655                    /app/extra/android-studio/jre/jre/lib/amd64/libverify.so
7fb4ef67a000-7fb4ef67b000 rw-p 0000e000 08:01 6837655                    /app/extra/android-studio/jre/jre/lib/amd64/libverify.so
7fb4ef67b000-7fb4ef67d000 r--p 00000000 08:01 3423504                    /usr/lib/x86_64-linux-gnu/librt-2.30.so
7fb4ef67d000-7fb4ef681000 r-xp 00002000 08:01 3423504                    /usr/lib/x86_64-linux-gnu/librt-2.30.so
7fb4ef681000-7fb4ef683000 r--p 00006000 08:01 3423504                    /usr/lib/x86_64-linux-gnu/librt-2.30.so
7fb4ef683000-7fb4ef684000 r--p 00007000 08:01 3423504                    /usr/lib/x86_64-linux-gnu/librt-2.30.so
7fb4ef684000-7fb4ef685000 rw-p 00008000 08:01 3423504                    /usr/lib/x86_64-linux-gnu/librt-2.30.so
7fb4ef685000-7fb4ef686000 ---p 00000000 00:00 0 
7fb4ef686000-7fb4ef689000 ---p 00000000 00:00 0 
7fb4ef689000-7fb4ef786000 rw-p 00000000 00:00 0 
7fb4ef786000-7fb4ef793000 r--p 00000000 08:01 3423392                    /usr/lib/x86_64-linux-gnu/libm-2.30.so
7fb4ef793000-7fb4ef834000 r-xp 0000d000 08:01 3423392                    /usr/lib/x86_64-linux-gnu/libm-2.30.so
7fb4ef834000-7fb4ef8d1000 r--p 000ae000 08:01 3423392                    /usr/lib/x86_64-linux-gnu/libm-2.30.so
7fb4ef8d1000-7fb4ef8d2000 r--p 0014a000 08:01 3423392                    /usr/lib/x86_64-linux-gnu/libm-2.30.so
7fb4ef8d2000-7fb4ef8d3000 rw-p 0014b000 08:01 3423392                    /usr/lib/x86_64-linux-gnu/libm-2.30.so
7fb4ef8d3000-7fb4f0502000 r-xp 00000000 08:01 6837677                    /app/extra/android-studio/jre/jre/lib/amd64/server/libjvm.so
7fb4f0502000-7fb4f05aa000 r--p 00c2e000 08:01 6837677                    /app/extra/android-studio/jre/jre/lib/amd64/server/libjvm.so
7fb4f05aa000-7fb4f05d3000 rw-p 00cd6000 08:01 6837677                    /app/extra/android-studio/jre/jre/lib/amd64/server/libjvm.so
7fb4f05d3000-7fb4f0619000 rw-p 00000000 00:00 0 
7fb4f0619000-7fb4f063b000 r--p 00000000 08:01 3423161                    /usr/lib/x86_64-linux-gnu/libc-2.30.so
7fb4f063b000-7fb4f078a000 r-xp 00022000 08:01 3423161                    /usr/lib/x86_64-linux-gnu/libc-2.30.so
7fb4f078a000-7fb4f07d7000 r--p 00171000 08:01 3423161                    /usr/lib/x86_64-linux-gnu/libc-2.30.so
7fb4f07d7000-7fb4f07d8000 ---p 001be000 08:01 3423161                    /usr/lib/x86_64-linux-gnu/libc-2.30.so
7fb4f07d8000-7fb4f07dc000 r--p 001be000 08:01 3423161                    /usr/lib/x86_64-linux-gnu/libc-2.30.so
7fb4f07dc000-7fb4f07de000 rw-p 001c2000 08:01 3423161                    /usr/lib/x86_64-linux-gnu/libc-2.30.so
7fb4f07de000-7fb4f07e2000 rw-p 00000000 00:00 0 
7fb4f07e2000-7fb4f07e3000 r--p 00000000 08:01 3423189                    /usr/lib/x86_64-linux-gnu/libdl-2.30.so
7fb4f07e3000-7fb4f07e5000 r-xp 00001000 08:01 3423189                    /usr/lib/x86_64-linux-gnu/libdl-2.30.so
7fb4f07e5000-7fb4f07e6000 r--p 00003000 08:01 3423189                    /usr/lib/x86_64-linux-gnu/libdl-2.30.so
7fb4f07e6000-7fb4f07e7000 r--p 00003000 08:01 3423189                    /usr/lib/x86_64-linux-gnu/libdl-2.30.so
7fb4f07e7000-7fb4f07e8000 rw-p 00004000 08:01 3423189                    /usr/lib/x86_64-linux-gnu/libdl-2.30.so
7fb4f07e8000-7fb4f07fe000 r-xp 00000000 08:01 6837558                    /app/extra/android-studio/jre/lib/amd64/jli/libjli.so
7fb4f07fe000-7fb4f07ff000 r--p 00015000 08:01 6837558                    /app/extra/android-studio/jre/lib/amd64/jli/libjli.so
7fb4f07ff000-7fb4f0800000 rw-p 00016000 08:01 6837558                    /app/extra/android-studio/jre/lib/amd64/jli/libjli.so
7fb4f0800000-7fb4f0806000 r--p 00000000 08:01 3423487                    /usr/lib/x86_64-linux-gnu/libpthread-2.30.so
7fb4f0806000-7fb4f0816000 r-xp 00006000 08:01 3423487                    /usr/lib/x86_64-linux-gnu/libpthread-2.30.so
7fb4f0816000-7fb4f081c000 r--p 00016000 08:01 3423487                    /usr/lib/x86_64-linux-gnu/libpthread-2.30.so
7fb4f081c000-7fb4f081d000 r--p 0001b000 08:01 3423487                    /usr/lib/x86_64-linux-gnu/libpthread-2.30.so
7fb4f081d000-7fb4f081e000 rw-p 0001c000 08:01 3423487                    /usr/lib/x86_64-linux-gnu/libpthread-2.30.so
7fb4f081e000-7fb4f0824000 rw-p 00000000 00:00 0 
7fb4f0824000-7fb4f0825000 r--p 00000000 08:01 2900638                    /usr/lib/locale/en_IN/LC_MEASUREMENT
7fb4f0825000-7fb4f0826000 r--p 00000000 08:01 3291992                    /usr/lib/locale/en_IN/LC_IDENTIFICATION
7fb4f0826000-7fb4f082e000 rw-s 00000000 00:38 135                        /tmp/hsperfdata_amir/3180
7fb4f082e000-7fb4f082f000 rw-p 00000000 00:00 0 
7fb4f082f000-7fb4f0830000 r--p 00000000 08:01 3422743                    /usr/lib/x86_64-linux-gnu/ld-2.30.so
7fb4f0830000-7fb4f0850000 r-xp 00001000 08:01 3422743                    /usr/lib/x86_64-linux-gnu/ld-2.30.so
7fb4f0850000-7fb4f0858000 r--p 00021000 08:01 3422743                    /usr/lib/x86_64-linux-gnu/ld-2.30.so
7fb4f0858000-7fb4f0859000 r--p 00000000 00:00 0 
7fb4f0859000-7fb4f085a000 r--p 00029000 08:01 3422743                    /usr/lib/x86_64-linux-gnu/ld-2.30.so
7fb4f085a000-7fb4f085b000 rw-p 0002a000 08:01 3422743                    /usr/lib/x86_64-linux-gnu/ld-2.30.so
7fb4f085b000-7fb4f085c000 rw-p 00000000 00:00 0 
7ffcd3083000-7ffcd30a4000 rw-p 00000000 00:00 0                          [stack]
7ffcd3101000-7ffcd3104000 r--p 00000000 00:00 0                          [vvar]
7ffcd3104000-7ffcd3105000 r-xp 00000000 00:00 0                          [vdso]
ffffffffff600000-ffffffffff601000 --xp 00000000 00:00 0                  [vsyscall]

VM Arguments:
jvm_args: -Xmx1536m -Dfile.encoding=UTF-8 -Djava.io.tmpdir=/home/amir/.var/app/com.google.AndroidStudio/cache -Duser.country=IN -Duser.language=en -Duser.variant -Djava.io.tmpdir=/home/amir/.var/app/com.google.AndroidStudio/cache 
java_command: org.gradle.launcher.daemon.bootstrap.GradleDaemon 6.1.1
java_class_path (initial): /home/amir/.gradle/wrapper/dists/gradle-6.1.1-all/cfmwm155h49vnt3hynmlrsdst/gradle-6.1.1/lib/gradle-launcher-6.1.1.jar
Launcher Type: SUN_STANDARD

Environment Variables:
JAVA_HOME=/app/extra/android-studio/jre
_JAVA_OPTIONS=-Djava.io.tmpdir=/home/amir/.var/app/com.google.AndroidStudio/cache
PATH=/app/bin:/usr/bin:
SHELL=/bin/sh
DISPLAY=:99.0

Signal Handlers:
SIGSEGV: [libjvm.so+0xa13c80], sa_mask[0]=11111111011111111101111111111110, sa_flags=SA_RESTART|SA_SIGINFO
SIGBUS: [libjvm.so+0xa13c80], sa_mask[0]=11111111011111111101111111111110, sa_flags=SA_RESTART|SA_SIGINFO
SIGFPE: [libjvm.so+0x874670], sa_mask[0]=11111111011111111101111111111110, sa_flags=SA_RESTART|SA_SIGINFO
SIGPIPE: [libjvm.so+0x874670], sa_mask[0]=11111111011111111101111111111110, sa_flags=SA_RESTART|SA_SIGINFO
SIGXFSZ: [libjvm.so+0x874670], sa_mask[0]=11111111011111111101111111111110, sa_flags=SA_RESTART|SA_SIGINFO
SIGILL: [libjvm.so+0x874670], sa_mask[0]=11111111011111111101111111111110, sa_flags=SA_RESTART|SA_SIGINFO
SIGUSR1: SIG_DFL, sa_mask[0]=00000000000000000000000000000000, sa_flags=none
SIGUSR2: [libjvm.so+0x874540], sa_mask[0]=00100000000000000000000000000000, sa_flags=SA_RESTART|SA_SIGINFO
SIGHUP: [libjvm.so+0x874730], sa_mask[0]=11111111011111111101111111111110, sa_flags=SA_RESTART|SA_SIGINFO
SIGINT: [libjvm.so+0x874730], sa_mask[0]=11111111011111111101111111111110, sa_flags=SA_RESTART|SA_SIGINFO
SIGTERM: [libjvm.so+0x874730], sa_mask[0]=11111111011111111101111111111110, sa_flags=SA_RESTART|SA_SIGINFO
SIGQUIT: [libjvm.so+0x874730], sa_mask[0]=11111111011111111101111111111110, sa_flags=SA_RESTART|SA_SIGINFO


---------------  S Y S T E M  ---------------

OS:NAME=Freedesktop.org
VERSION="19.08.11 (Flatpak runtime)"
VERSION_ID=19.08.11
ID=org.freedesktop.platform
PRETTY_NAME="Freedesktop.org 19.08.11 (Flatpak runtime)"
BUG_REPORT_URL=https://gitlab.com/freedesktop-sdk/freedesktop-sdk/issues

uname:Linux 5.4.0-40-generic #44~18.04.1-Ubuntu SMP Wed Jun 24 23:13:08 UTC 2020 x86_64
libc:glibc 2.30 NPTL 2.30 
rlimit: STACK 8192k, CORE 0k, NPROC 47459, NOFILE 1048576, AS infinity
load average:6.55 3.38 2.57

/proc/meminfo:
MemTotal:       12223180 kB
MemFree:         2365520 kB
MemAvailable:    8015304 kB
Buffers:         2669024 kB
Cached:          2464116 kB
SwapCached:          584 kB
Active:          6306204 kB
Inactive:        2360772 kB
Active(anon):    3015552 kB
Inactive(anon):   627948 kB
Active(file):    3290652 kB
Inactive(file):  1732824 kB
Unevictable:         128 kB
Mlocked:             128 kB
SwapTotal:       2097148 kB
SwapFree:        2085116 kB
Dirty:             14448 kB
Writeback:             0 kB
AnonPages:       3534036 kB
Mapped:           588080 kB
Shmem:            110292 kB
KReclaimable:     947024 kB
Slab:            1018892 kB
SReclaimable:     947024 kB
SUnreclaim:        71868 kB
KernelStack:       11216 kB
PageTables:        48080 kB
NFS_Unstable:          0 kB
Bounce:                0 kB
WritebackTmp:          0 kB
CommitLimit:     8208736 kB
Committed_AS:    8044952 kB
VmallocTotal:   34359738367 kB
VmallocUsed:       39940 kB
VmallocChunk:          0 kB
Percpu:             5184 kB
HardwareCorrupted:     0 kB
AnonHugePages:         0 kB
ShmemHugePages:        0 kB
ShmemPmdMapped:        0 kB
FileHugePages:         0 kB
FilePmdMapped:         0 kB
CmaTotal:              0 kB
CmaFree:               0 kB
HugePages_Total:       0
HugePages_Free:        0
HugePages_Rsvd:        0
HugePages_Surp:        0
Hugepagesize:       2048 kB
Hugetlb:               0 kB
DirectMap4k:      851408 kB
DirectMap2M:    11687936 kB


CPU:total 4 (initial active 4) (4 cores per cpu, 1 threads per core) family 6 model 42 stepping 7, cmov, cx8, fxsr, mmx, sse, sse2, sse3, ssse3, sse4.1, sse4.2, popcnt, avx, aes, clmul, tsc, tscinvbit

/proc/cpuinfo:
processor	: 0
vendor_id	: GenuineIntel
cpu family	: 6
model		: 42
model name	: Intel(R) Core(TM) i5-2400 CPU @ 3.10GHz
stepping	: 7
microcode	: 0x2f
cpu MHz		: 3192.640
cache size	: 6144 KB
physical id	: 0
siblings	: 4
core id		: 0
cpu cores	: 4
apicid		: 0
initial apicid	: 0
fpu		: yes
fpu_exception	: yes
cpuid level	: 13
wp		: yes
flags		: fpu vme de pse tsc msr pae mce cx8 apic sep mtrr pge mca cmov pat pse36 clflush dts acpi mmx fxsr sse sse2 ht tm pbe syscall nx rdtscp lm constant_tsc arch_perfmon pebs bts rep_good nopl xtopology nonstop_tsc cpuid aperfmperf pni pclmulqdq dtes64 monitor ds_cpl vmx smx est tm2 ssse3 cx16 xtpr pdcm pcid sse4_1 sse4_2 x2apic popcnt tsc_deadline_timer aes xsave avx lahf_lm epb pti ssbd ibrs ibpb stibp tpr_shadow vnmi flexpriority ept vpid xsaveopt dtherm ida arat pln pts md_clear flush_l1d
bugs		: cpu_meltdown spectre_v1 spectre_v2 spec_store_bypass l1tf mds swapgs itlb_multihit
bogomips	: 6185.74
clflush size	: 64
cache_alignment	: 64
address sizes	: 36 bits physical, 48 bits virtual
power management:

processor	: 1
vendor_id	: GenuineIntel
cpu family	: 6
model		: 42
model name	: Intel(R) Core(TM) i5-2400 CPU @ 3.10GHz
stepping	: 7
microcode	: 0x2f
cpu MHz		: 3192.641
cache size	: 6144 KB
physical id	: 0
siblings	: 4
core id		: 1
cpu cores	: 4
apicid		: 2
initial apicid	: 2
fpu		: yes
fpu_exception	: yes
cpuid level	: 13
wp		: yes
flags		: fpu vme de pse tsc msr pae mce cx8 apic sep mtrr pge mca cmov pat pse36 clflush dts acpi mmx fxsr sse sse2 ht tm pbe syscall nx rdtscp lm constant_tsc arch_perfmon pebs bts rep_good nopl xtopology nonstop_tsc cpuid aperfmperf pni pclmulqdq dtes64 monitor ds_cpl vmx smx est tm2 ssse3 cx16 xtpr pdcm pcid sse4_1 sse4_2 x2apic popcnt tsc_deadline_timer aes xsave avx lahf_lm epb pti ssbd ibrs ibpb stibp tpr_shadow vnmi flexpriority ept vpid xsaveopt dtherm ida arat pln pts md_clear flush_l1d
bugs		: cpu_meltdown spectre_v1 spectre_v2 spec_store_bypass l1tf mds swapgs itlb_multihit
bogomips	: 6185.74
clflush size	: 64
cache_alignment	: 64
address sizes	: 36 bits physical, 48 bits virtual
power management:

processor	: 2
vendor_id	: GenuineIntel
cpu family	: 6
model		: 42
model name	: Intel(R) Core(TM) i5-2400 CPU @ 3.10GHz
stepping	: 7
microcode	: 0x2f
cpu MHz		: 3192.641
cache size	: 6144 KB
physical id	: 0
siblings	: 4
core id		: 2
cpu cores	: 4
apicid		: 4
initial apicid	: 4
fpu		: yes
fpu_exception	: yes
cpuid level	: 13
wp		: yes
flags		: fpu vme de pse tsc msr pae mce cx8 apic sep mtrr pge mca cmov pat pse36 clflush dts acpi mmx fxsr sse sse2 ht tm pbe syscall nx rdtscp lm constant_tsc arch_perfmon pebs bts rep_good nopl xtopology nonstop_tsc cpuid aperfmperf pni pclmulqdq dtes64 monitor ds_cpl vmx smx est tm2 ssse3 cx16 xtpr pdcm pcid sse4_1 sse4_2 x2apic popcnt tsc_deadline_timer aes xsave avx lahf_lm epb pti ssbd ibrs ibpb stibp tpr_shadow vnmi flexpriority ept vpid xsaveopt dtherm ida arat pln pts md_clear flush_l1d
bugs		: cpu_meltdown spectre_v1 spectre_v2 spec_store_bypass l1tf mds swapgs itlb_multihit
bogomips	: 6185.74
clflush size	: 64
cache_alignment	: 64
address sizes	: 36 bits physical, 48 bits virtual
power management:

processor	: 3
vendor_id	: GenuineIntel
cpu family	: 6
model		: 42
model name	: Intel(R) Core(TM) i5-2400 CPU @ 3.10GHz
stepping	: 7
microcode	: 0x2f
cpu MHz		: 3192.641
cache size	: 6144 KB
physical id	: 0
siblings	: 4
core id		: 3
cpu cores	: 4
apicid		: 6
initial apicid	: 6
fpu		: yes
fpu_exception	: yes
cpuid level	: 13
wp		: yes
flags		: fpu vme de pse tsc msr pae mce cx8 apic sep mtrr pge mca cmov pat pse36 clflush dts acpi mmx fxsr sse sse2 ht tm pbe syscall nx rdtscp lm constant_tsc arch_perfmon pebs bts rep_good nopl xtopology nonstop_tsc cpuid aperfmperf pni pclmulqdq dtes64 monitor ds_cpl vmx smx est tm2 ssse3 cx16 xtpr pdcm pcid sse4_1 sse4_2 x2apic popcnt tsc_deadline_timer aes xsave avx lahf_lm epb pti ssbd ibrs ibpb stibp tpr_shadow vnmi flexpriority ept vpid xsaveopt dtherm ida arat pln pts md_clear flush_l1d
bugs		: cpu_meltdown spectre_v1 spectre_v2 spec_store_bypass l1tf mds swapgs itlb_multihit
bogomips	: 6185.74
clflush size	: 64
cache_alignment	: 64
address sizes	: 36 bits physical, 48 bits virtual
power management:



Memory: 4k page, physical 12223180k(2365016k free), swap 2097148k(2085116k free)

vm_info: OpenJDK 64-Bit Server VM (25.242-b3-6222593) for linux-amd64 JRE (1.8.0_242-release-1644-b3-6222593), built by "android-build" with gcc 4.8

time: Fri Jul 10 14:00:18 2020
timezone: IST
elapsed time: 4 seconds (0d 0h 0m 4s)

